{
  "/workspaces/PatchPath-AI/app/layout.tsx": {
    "path": "/workspaces/PatchPath-AI/app/layout.tsx",
    "statementMap": {
      "0": { "start": { "line": 21, "column": 0 }, "end": { "line": 21, "column": 24 } },
      "1": { "start": { "line": 2, "column": 0 }, "end": { "line": 2, "column": 53 } },
      "2": { "start": { "line": 3, "column": 0 }, "end": { "line": 3, "column": 46 } },
      "3": { "start": { "line": 4, "column": 0 }, "end": { "line": 4, "column": 23 } },
      "4": { "start": { "line": 6, "column": 18 }, "end": { "line": 9, "column": 2 } },
      "5": { "start": { "line": 11, "column": 18 }, "end": { "line": 14, "column": 2 } },
      "6": { "start": { "line": 16, "column": 13 }, "end": { "line": 19, "column": 2 } },
      "7": { "start": { "line": 26, "column": 2 }, "end": { "line": 36, "column": 4 } }
    },
    "fnMap": {
      "0": {
        "name": "RootLayout",
        "decl": { "start": { "line": 21, "column": 24 }, "end": { "line": 21, "column": 34 } },
        "loc": { "start": { "line": 25, "column": 2 }, "end": { "line": 37, "column": 1 } }
      }
    },
    "branchMap": {},
    "s": { "0": 0, "1": 0, "2": 0, "3": 0, "4": 0, "5": 0, "6": 0, "7": 0 },
    "f": { "0": 0 },
    "b": {}
  },
  "/workspaces/PatchPath-AI/app/page.tsx": {
    "path": "/workspaces/PatchPath-AI/app/page.tsx",
    "statementMap": {
      "0": { "start": { "line": 3, "column": 0 }, "end": { "line": 3, "column": 24 } },
      "1": { "start": { "line": 1, "column": 0 }, "end": { "line": 1, "column": 31 } },
      "2": { "start": { "line": 4, "column": 2 }, "end": { "line": 102, "column": 4 } }
    },
    "fnMap": {
      "0": {
        "name": "Home",
        "decl": { "start": { "line": 3, "column": 24 }, "end": { "line": 3, "column": 28 } },
        "loc": { "start": { "line": 3, "column": 28 }, "end": { "line": 103, "column": 1 } }
      }
    },
    "branchMap": {},
    "s": { "0": 0, "1": 0, "2": 0 },
    "f": { "0": 0 },
    "b": {}
  },
  "/workspaces/PatchPath-AI/app/(auth)/sign-in/[[...sign-in]]/page.tsx": {
    "path": "/workspaces/PatchPath-AI/app/(auth)/sign-in/[[...sign-in]]/page.tsx",
    "statementMap": {
      "0": { "start": { "line": 3, "column": 0 }, "end": { "line": 3, "column": 24 } },
      "1": { "start": { "line": 1, "column": 0 }, "end": { "line": 1, "column": 39 } },
      "2": { "start": { "line": 4, "column": 2 }, "end": { "line": 21, "column": 4 } }
    },
    "fnMap": {
      "0": {
        "name": "SignInPage",
        "decl": { "start": { "line": 3, "column": 24 }, "end": { "line": 3, "column": 34 } },
        "loc": { "start": { "line": 3, "column": 34 }, "end": { "line": 22, "column": 1 } }
      }
    },
    "branchMap": {},
    "s": { "0": 0, "1": 0, "2": 0 },
    "f": { "0": 0 },
    "b": {}
  },
  "/workspaces/PatchPath-AI/app/(auth)/sign-up/[[...sign-up]]/page.tsx": {
    "path": "/workspaces/PatchPath-AI/app/(auth)/sign-up/[[...sign-up]]/page.tsx",
    "statementMap": {
      "0": { "start": { "line": 3, "column": 0 }, "end": { "line": 3, "column": 24 } },
      "1": { "start": { "line": 1, "column": 0 }, "end": { "line": 1, "column": 39 } },
      "2": { "start": { "line": 4, "column": 2 }, "end": { "line": 21, "column": 4 } }
    },
    "fnMap": {
      "0": {
        "name": "SignUpPage",
        "decl": { "start": { "line": 3, "column": 24 }, "end": { "line": 3, "column": 34 } },
        "loc": { "start": { "line": 3, "column": 34 }, "end": { "line": 22, "column": 1 } }
      }
    },
    "branchMap": {},
    "s": { "0": 0, "1": 0, "2": 0 },
    "f": { "0": 0 },
    "b": {}
  },
  "/workspaces/PatchPath-AI/app/(dashboard)/dashboard/page.tsx": {
    "path": "/workspaces/PatchPath-AI/app/(dashboard)/dashboard/page.tsx",
    "statementMap": {
      "0": { "start": { "line": 6, "column": 0 }, "end": { "line": 6, "column": 15 } },
      "1": { "start": { "line": 1, "column": 0 }, "end": { "line": 1, "column": 43 } },
      "2": { "start": { "line": 2, "column": 0 }, "end": { "line": 2, "column": 51 } },
      "3": { "start": { "line": 3, "column": 0 }, "end": { "line": 3, "column": 43 } },
      "4": { "start": { "line": 4, "column": 0 }, "end": { "line": 4, "column": 69 } },
      "5": { "start": { "line": 7, "column": 15 }, "end": { "line": 7, "column": 34 } },
      "6": { "start": { "line": 9, "column": 2 }, "end": { "line": 11, "column": 3 } },
      "7": { "start": { "line": 10, "column": 4 }, "end": { "line": 10, "column": 25 } },
      "8": { "start": { "line": 13, "column": 2 }, "end": { "line": 51, "column": 4 } }
    },
    "fnMap": {
      "0": {
        "name": "DashboardPage",
        "decl": { "start": { "line": 6, "column": 30 }, "end": { "line": 6, "column": 43 } },
        "loc": { "start": { "line": 6, "column": 43 }, "end": { "line": 52, "column": 1 } }
      }
    },
    "branchMap": {
      "0": {
        "loc": { "start": { "line": 9, "column": 2 }, "end": { "line": 11, "column": 3 } },
        "type": "if",
        "locations": [
          { "start": { "line": 9, "column": 2 }, "end": { "line": 11, "column": 3 } },
          { "start": {}, "end": {} }
        ]
      },
      "1": {
        "loc": { "start": { "line": 39, "column": 29 }, "end": { "line": 39, "column": 67 } },
        "type": "binary-expr",
        "locations": [
          { "start": { "line": 39, "column": 29 }, "end": { "line": 39, "column": 43 } },
          { "start": { "line": 39, "column": 47 }, "end": { "line": 39, "column": 67 } }
        ]
      }
    },
    "s": { "0": 0, "1": 0, "2": 0, "3": 0, "4": 0, "5": 0, "6": 0, "7": 0, "8": 0 },
    "f": { "0": 0 },
    "b": { "0": [0, 0], "1": [0, 0] }
  },
  "/workspaces/PatchPath-AI/app/api/patches/generate/route.ts": {
    "path": "/workspaces/PatchPath-AI/app/api/patches/generate/route.ts",
    "statementMap": {
      "0": { "start": { "line": 15, "column": 0 }, "end": { "line": 15, "column": 7 } },
      "1": { "start": { "line": 143, "column": 0 }, "end": { "line": 143, "column": 7 } },
      "2": { "start": { "line": 6, "column": 0 }, "end": { "line": 6, "column": 61 } },
      "3": { "start": { "line": 7, "column": 0 }, "end": { "line": 7, "column": 44 } },
      "4": { "start": { "line": 8, "column": 0 }, "end": { "line": 8, "column": 66 } },
      "5": { "start": { "line": 9, "column": 0 }, "end": { "line": 9, "column": 78 } },
      "6": { "start": { "line": 10, "column": 0 }, "end": { "line": 10, "column": 93 } },
      "7": { "start": { "line": 11, "column": 0 }, "end": { "line": 11, "column": 43 } },
      "8": { "start": { "line": 12, "column": 0 }, "end": { "line": 12, "column": 34 } },
      "9": { "start": { "line": 13, "column": 0 }, "end": { "line": 13, "column": 57 } },
      "10": { "start": { "line": 16, "column": 2 }, "end": { "line": 139, "column": 3 } },
      "11": { "start": { "line": 18, "column": 23 }, "end": { "line": 18, "column": 35 } },
      "12": { "start": { "line": 19, "column": 4 }, "end": { "line": 21, "column": 5 } },
      "13": { "start": { "line": 20, "column": 6 }, "end": { "line": 20, "column": 75 } },
      "14": { "start": { "line": 24, "column": 4 }, "end": { "line": 32, "column": 5 } },
      "15": { "start": { "line": 25, "column": 6 }, "end": { "line": 31, "column": 8 } },
      "16": { "start": { "line": 35, "column": 17 }, "end": { "line": 35, "column": 37 } },
      "17": { "start": { "line": 36, "column": 82 }, "end": { "line": 36, "column": 86 } },
      "18": { "start": { "line": 38, "column": 4 }, "end": { "line": 40, "column": 5 } },
      "19": { "start": { "line": 39, "column": 6 }, "end": { "line": 39, "column": 83 } },
      "20": { "start": { "line": 42, "column": 4 }, "end": { "line": 47, "column": 5 } },
      "21": { "start": { "line": 43, "column": 6 }, "end": { "line": 46, "column": 8 } },
      "22": { "start": { "line": 49, "column": 22 }, "end": { "line": 49, "column": 32 } },
      "23": { "start": { "line": 51, "column": 4 }, "end": { "line": 59, "column": 7 } },
      "24": { "start": { "line": 62, "column": 4 }, "end": { "line": 62, "column": 45 } },
      "25": { "start": { "line": 63, "column": 23 }, "end": { "line": 63, "column": 59 } },
      "26": { "start": { "line": 64, "column": 25 }, "end": { "line": 64, "column": 68 } },
      "27": { "start": { "line": 65, "column": 21 }, "end": { "line": 65, "column": 44 } },
      "28": { "start": { "line": 68, "column": 4 }, "end": { "line": 68, "column": 55 } },
      "29": { "start": { "line": 69, "column": 18 }, "end": { "line": 73, "column": 6 } },
      "30": { "start": { "line": 76, "column": 4 }, "end": { "line": 76, "column": 26 } },
      "31": { "start": { "line": 79, "column": 30 }, "end": { "line": 79, "column": 32 } },
      "32": { "start": { "line": 80, "column": 4 }, "end": { "line": 83, "column": 5 } },
      "33": { "start": { "line": 81, "column": 6 }, "end": { "line": 81, "column": 54 } },
      "34": { "start": { "line": 82, "column": 6 }, "end": { "line": 82, "column": 85 } },
      "35": { "start": { "line": 86, "column": 4 }, "end": { "line": 99, "column": 5 } },
      "36": { "start": { "line": 87, "column": 6 }, "end": { "line": 87, "column": 29 } },
      "37": { "start": { "line": 88, "column": 6 }, "end": { "line": 91, "column": 9 } },
      "38": { "start": { "line": 93, "column": 6 }, "end": { "line": 97, "column": 9 } },
      "39": { "start": { "line": 101, "column": 21 }, "end": { "line": 101, "column": 43 } },
      "40": { "start": { "line": 102, "column": 4 }, "end": { "line": 110, "column": 7 } },
      "41": { "start": { "line": 112, "column": 4 }, "end": { "line": 121, "column": 7 } },
      "42": { "start": { "line": 123, "column": 25 }, "end": { "line": 123, "column": 81 } },
      "43": { "start": { "line": 124, "column": 23 }, "end": { "line": 124, "column": 71 } },
      "44": { "start": { "line": 126, "column": 4 }, "end": { "line": 129, "column": 7 } },
      "45": { "start": { "line": 131, "column": 4 }, "end": { "line": 138, "column": 6 } },
      "46": { "start": { "line": 144, "column": 2 }, "end": { "line": 144, "column": 48 } }
    },
    "fnMap": {
      "0": {
        "name": "POST",
        "decl": { "start": { "line": 15, "column": 22 }, "end": { "line": 15, "column": 26 } },
        "loc": { "start": { "line": 15, "column": 47 }, "end": { "line": 140, "column": 1 } }
      },
      "1": {
        "name": "OPTIONS",
        "decl": { "start": { "line": 143, "column": 22 }, "end": { "line": 143, "column": 29 } },
        "loc": { "start": { "line": 143, "column": 29 }, "end": { "line": 145, "column": 1 } }
      }
    },
    "branchMap": {
      "0": {
        "loc": { "start": { "line": 19, "column": 4 }, "end": { "line": 21, "column": 5 } },
        "type": "if",
        "locations": [
          { "start": { "line": 19, "column": 4 }, "end": { "line": 21, "column": 5 } },
          { "start": {}, "end": {} }
        ]
      },
      "1": {
        "loc": { "start": { "line": 24, "column": 4 }, "end": { "line": 32, "column": 5 } },
        "type": "if",
        "locations": [
          { "start": { "line": 24, "column": 4 }, "end": { "line": 32, "column": 5 } },
          { "start": {}, "end": {} }
        ]
      },
      "2": {
        "loc": { "start": { "line": 38, "column": 4 }, "end": { "line": 40, "column": 5 } },
        "type": "if",
        "locations": [
          { "start": { "line": 38, "column": 4 }, "end": { "line": 40, "column": 5 } },
          { "start": {}, "end": {} }
        ]
      },
      "3": {
        "loc": { "start": { "line": 42, "column": 4 }, "end": { "line": 47, "column": 5 } },
        "type": "if",
        "locations": [
          { "start": { "line": 42, "column": 4 }, "end": { "line": 47, "column": 5 } },
          { "start": {}, "end": {} }
        ]
      },
      "4": {
        "loc": { "start": { "line": 80, "column": 4 }, "end": { "line": 83, "column": 5 } },
        "type": "if",
        "locations": [
          { "start": { "line": 80, "column": 4 }, "end": { "line": 83, "column": 5 } },
          { "start": {}, "end": {} }
        ]
      },
      "5": {
        "loc": { "start": { "line": 96, "column": 15 }, "end": { "line": 96, "column": 71 } },
        "type": "cond-expr",
        "locations": [
          { "start": { "line": 96, "column": 40 }, "end": { "line": 96, "column": 53 } },
          { "start": { "line": 96, "column": 56 }, "end": { "line": 96, "column": 71 } }
        ]
      },
      "6": {
        "loc": { "start": { "line": 115, "column": 18 }, "end": { "line": 115, "column": 64 } },
        "type": "cond-expr",
        "locations": [
          { "start": { "line": 115, "column": 42 }, "end": { "line": 115, "column": 52 } },
          { "start": { "line": 115, "column": 55 }, "end": { "line": 115, "column": 64 } }
        ]
      },
      "7": {
        "loc": { "start": { "line": 123, "column": 25 }, "end": { "line": 123, "column": 81 } },
        "type": "cond-expr",
        "locations": [
          { "start": { "line": 123, "column": 50 }, "end": { "line": 123, "column": 63 } },
          { "start": { "line": 123, "column": 66 }, "end": { "line": 123, "column": 81 } }
        ]
      },
      "8": {
        "loc": { "start": { "line": 124, "column": 23 }, "end": { "line": 124, "column": 71 } },
        "type": "cond-expr",
        "locations": [
          { "start": { "line": 124, "column": 48 }, "end": { "line": 124, "column": 59 } },
          { "start": { "line": 124, "column": 62 }, "end": { "line": 124, "column": 71 } }
        ]
      },
      "9": {
        "loc": { "start": { "line": 135, "column": 17 }, "end": { "line": 135, "column": 80 } },
        "type": "cond-expr",
        "locations": [
          { "start": { "line": 135, "column": 58 }, "end": { "line": 135, "column": 68 } },
          { "start": { "line": 135, "column": 71 }, "end": { "line": 135, "column": 80 } }
        ]
      }
    },
    "s": {
      "0": 0,
      "1": 0,
      "2": 0,
      "3": 0,
      "4": 0,
      "5": 0,
      "6": 0,
      "7": 0,
      "8": 0,
      "9": 0,
      "10": 0,
      "11": 0,
      "12": 0,
      "13": 0,
      "14": 0,
      "15": 0,
      "16": 0,
      "17": 0,
      "18": 0,
      "19": 0,
      "20": 0,
      "21": 0,
      "22": 0,
      "23": 0,
      "24": 0,
      "25": 0,
      "26": 0,
      "27": 0,
      "28": 0,
      "29": 0,
      "30": 0,
      "31": 0,
      "32": 0,
      "33": 0,
      "34": 0,
      "35": 0,
      "36": 0,
      "37": 0,
      "38": 0,
      "39": 0,
      "40": 0,
      "41": 0,
      "42": 0,
      "43": 0,
      "44": 0,
      "45": 0,
      "46": 0
    },
    "f": { "0": 0, "1": 0 },
    "b": {
      "0": [0, 0],
      "1": [0, 0],
      "2": [0, 0],
      "3": [0, 0],
      "4": [0, 0],
      "5": [0, 0],
      "6": [0, 0],
      "7": [0, 0],
      "8": [0, 0],
      "9": [0, 0]
    }
  },
  "/workspaces/PatchPath-AI/app/api/racks/analyze/route.ts": {
    "path": "/workspaces/PatchPath-AI/app/api/racks/analyze/route.ts",
    "statementMap": {
      "0": { "start": { "line": 13, "column": 0 }, "end": { "line": 13, "column": 7 } },
      "1": { "start": { "line": 102, "column": 0 }, "end": { "line": 102, "column": 7 } },
      "2": { "start": { "line": 6, "column": 0 }, "end": { "line": 6, "column": 61 } },
      "3": { "start": { "line": 7, "column": 0 }, "end": { "line": 7, "column": 44 } },
      "4": { "start": { "line": 8, "column": 0 }, "end": { "line": 8, "column": 89 } },
      "5": { "start": { "line": 9, "column": 0 }, "end": { "line": 9, "column": 99 } },
      "6": { "start": { "line": 10, "column": 0 }, "end": { "line": 10, "column": 34 } },
      "7": { "start": { "line": 11, "column": 0 }, "end": { "line": 11, "column": 55 } },
      "8": { "start": { "line": 14, "column": 2 }, "end": { "line": 98, "column": 3 } },
      "9": { "start": { "line": 16, "column": 23 }, "end": { "line": 16, "column": 35 } },
      "10": { "start": { "line": 17, "column": 4 }, "end": { "line": 19, "column": 5 } },
      "11": { "start": { "line": 18, "column": 6 }, "end": { "line": 18, "column": 75 } },
      "12": { "start": { "line": 22, "column": 17 }, "end": { "line": 22, "column": 37 } },
      "13": { "start": { "line": 23, "column": 20 }, "end": { "line": 23, "column": 24 } },
      "14": { "start": { "line": 25, "column": 4 }, "end": { "line": 27, "column": 5 } },
      "15": { "start": { "line": 26, "column": 6 }, "end": { "line": 26, "column": 90 } },
      "16": { "start": { "line": 30, "column": 4 }, "end": { "line": 38, "column": 5 } },
      "17": { "start": { "line": 31, "column": 6 }, "end": { "line": 37, "column": 8 } },
      "18": { "start": { "line": 40, "column": 4 }, "end": { "line": 40, "column": 54 } },
      "19": { "start": { "line": 43, "column": 23 }, "end": { "line": 43, "column": 55 } },
      "20": { "start": { "line": 46, "column": 25 }, "end": { "line": 46, "column": 68 } },
      "21": { "start": { "line": 47, "column": 21 }, "end": { "line": 47, "column": 44 } },
      "22": { "start": { "line": 48, "column": 20 }, "end": { "line": 48, "column": 61 } },
      "23": { "start": { "line": 51, "column": 4 }, "end": { "line": 64, "column": 5 } },
      "24": { "start": { "line": 52, "column": 6 }, "end": { "line": 52, "column": 57 } },
      "25": { "start": { "line": 53, "column": 6 }, "end": { "line": 56, "column": 9 } },
      "26": { "start": { "line": 58, "column": 6 }, "end": { "line": 62, "column": 9 } },
      "27": { "start": { "line": 67, "column": 4 }, "end": { "line": 81, "column": 7 } },
      "28": { "start": { "line": 83, "column": 25 }, "end": { "line": 83, "column": 81 } },
      "29": { "start": { "line": 84, "column": 23 }, "end": { "line": 84, "column": 71 } },
      "30": { "start": { "line": 86, "column": 4 }, "end": { "line": 89, "column": 7 } },
      "31": { "start": { "line": 91, "column": 4 }, "end": { "line": 97, "column": 6 } },
      "32": { "start": { "line": 103, "column": 2 }, "end": { "line": 103, "column": 48 } }
    },
    "fnMap": {
      "0": {
        "name": "POST",
        "decl": { "start": { "line": 13, "column": 22 }, "end": { "line": 13, "column": 26 } },
        "loc": { "start": { "line": 13, "column": 47 }, "end": { "line": 99, "column": 1 } }
      },
      "1": {
        "name": "OPTIONS",
        "decl": { "start": { "line": 102, "column": 22 }, "end": { "line": 102, "column": 29 } },
        "loc": { "start": { "line": 102, "column": 29 }, "end": { "line": 104, "column": 1 } }
      }
    },
    "branchMap": {
      "0": {
        "loc": { "start": { "line": 17, "column": 4 }, "end": { "line": 19, "column": 5 } },
        "type": "if",
        "locations": [
          { "start": { "line": 17, "column": 4 }, "end": { "line": 19, "column": 5 } },
          { "start": {}, "end": {} }
        ]
      },
      "1": {
        "loc": { "start": { "line": 25, "column": 4 }, "end": { "line": 27, "column": 5 } },
        "type": "if",
        "locations": [
          { "start": { "line": 25, "column": 4 }, "end": { "line": 27, "column": 5 } },
          { "start": {}, "end": {} }
        ]
      },
      "2": {
        "loc": { "start": { "line": 30, "column": 4 }, "end": { "line": 38, "column": 5 } },
        "type": "if",
        "locations": [
          { "start": { "line": 30, "column": 4 }, "end": { "line": 38, "column": 5 } },
          { "start": {}, "end": {} }
        ]
      },
      "3": {
        "loc": { "start": { "line": 61, "column": 15 }, "end": { "line": 61, "column": 71 } },
        "type": "cond-expr",
        "locations": [
          { "start": { "line": 61, "column": 40 }, "end": { "line": 61, "column": 53 } },
          { "start": { "line": 61, "column": 56 }, "end": { "line": 61, "column": 71 } }
        ]
      },
      "4": {
        "loc": { "start": { "line": 83, "column": 25 }, "end": { "line": 83, "column": 81 } },
        "type": "cond-expr",
        "locations": [
          { "start": { "line": 83, "column": 50 }, "end": { "line": 83, "column": 63 } },
          { "start": { "line": 83, "column": 66 }, "end": { "line": 83, "column": 81 } }
        ]
      },
      "5": {
        "loc": { "start": { "line": 84, "column": 23 }, "end": { "line": 84, "column": 71 } },
        "type": "cond-expr",
        "locations": [
          { "start": { "line": 84, "column": 48 }, "end": { "line": 84, "column": 59 } },
          { "start": { "line": 84, "column": 62 }, "end": { "line": 84, "column": 71 } }
        ]
      }
    },
    "s": {
      "0": 0,
      "1": 0,
      "2": 0,
      "3": 0,
      "4": 0,
      "5": 0,
      "6": 0,
      "7": 0,
      "8": 0,
      "9": 0,
      "10": 0,
      "11": 0,
      "12": 0,
      "13": 0,
      "14": 0,
      "15": 0,
      "16": 0,
      "17": 0,
      "18": 0,
      "19": 0,
      "20": 0,
      "21": 0,
      "22": 0,
      "23": 0,
      "24": 0,
      "25": 0,
      "26": 0,
      "27": 0,
      "28": 0,
      "29": 0,
      "30": 0,
      "31": 0,
      "32": 0
    },
    "f": { "0": 0, "1": 0 },
    "b": { "0": [0, 0], "1": [0, 0], "2": [0, 0], "3": [0, 0], "4": [0, 0], "5": [0, 0] }
  },
  "/workspaces/PatchPath-AI/app/api/racks/random/route.ts": {
    "path": "/workspaces/PatchPath-AI/app/api/racks/random/route.ts",
    "statementMap": {
      "0": { "start": { "line": 10, "column": 0 }, "end": { "line": 10, "column": 7 } },
      "1": { "start": { "line": 74, "column": 0 }, "end": { "line": 74, "column": 7 } },
      "2": { "start": { "line": 6, "column": 0 }, "end": { "line": 6, "column": 61 } },
      "3": { "start": { "line": 7, "column": 0 }, "end": { "line": 7, "column": 58 } },
      "4": { "start": { "line": 8, "column": 0 }, "end": { "line": 8, "column": 34 } },
      "5": { "start": { "line": 11, "column": 20 }, "end": { "line": 11, "column": 30 } },
      "6": { "start": { "line": 13, "column": 2 }, "end": { "line": 70, "column": 3 } },
      "7": { "start": { "line": 14, "column": 4 }, "end": { "line": 17, "column": 7 } },
      "8": { "start": { "line": 19, "column": 17 }, "end": { "line": 19, "column": 38 } },
      "9": { "start": { "line": 21, "column": 21 }, "end": { "line": 21, "column": 43 } },
      "10": { "start": { "line": 23, "column": 4 }, "end": { "line": 29, "column": 7 } },
      "11": { "start": { "line": 27, "column": 67 }, "end": { "line": 27, "column": 77 } },
      "12": { "start": { "line": 31, "column": 4 }, "end": { "line": 48, "column": 6 } },
      "13": { "start": { "line": 39, "column": 51 }, "end": { "line": 39, "column": 61 } },
      "14": { "start": { "line": 50, "column": 21 }, "end": { "line": 50, "column": 43 } },
      "15": { "start": { "line": 52, "column": 4 }, "end": { "line": 56, "column": 7 } },
      "16": { "start": { "line": 58, "column": 4 }, "end": { "line": 69, "column": 6 } },
      "17": { "start": { "line": 75, "column": 2 }, "end": { "line": 85, "column": 4 } }
    },
    "fnMap": {
      "0": {
        "name": "GET",
        "decl": { "start": { "line": 10, "column": 22 }, "end": { "line": 10, "column": 25 } },
        "loc": { "start": { "line": 10, "column": 46 }, "end": { "line": 71, "column": 1 } }
      },
      "1": {
        "name": "(anonymous_2)",
        "decl": { "start": { "line": 27, "column": 55 }, "end": { "line": 27, "column": 56 } },
        "loc": { "start": { "line": 27, "column": 67 }, "end": { "line": 27, "column": 77 } }
      },
      "2": {
        "name": "(anonymous_3)",
        "decl": { "start": { "line": 39, "column": 39 }, "end": { "line": 39, "column": 40 } },
        "loc": { "start": { "line": 39, "column": 51 }, "end": { "line": 39, "column": 61 } }
      },
      "3": {
        "name": "OPTIONS",
        "decl": { "start": { "line": 74, "column": 22 }, "end": { "line": 74, "column": 29 } },
        "loc": { "start": { "line": 74, "column": 50 }, "end": { "line": 86, "column": 1 } }
      }
    },
    "branchMap": {
      "0": {
        "loc": { "start": { "line": 16, "column": 10 }, "end": { "line": 16, "column": 84 } },
        "type": "binary-expr",
        "locations": [
          { "start": { "line": 16, "column": 10 }, "end": { "line": 16, "column": 48 } },
          { "start": { "line": 16, "column": 52 }, "end": { "line": 16, "column": 84 } }
        ]
      },
      "1": {
        "loc": { "start": { "line": 27, "column": 15 }, "end": { "line": 27, "column": 81 } },
        "type": "binary-expr",
        "locations": [
          { "start": { "line": 27, "column": 15 }, "end": { "line": 27, "column": 31 } },
          { "start": { "line": 27, "column": 35 }, "end": { "line": 27, "column": 81 } }
        ]
      },
      "2": {
        "loc": { "start": { "line": 53, "column": 13 }, "end": { "line": 53, "column": 67 } },
        "type": "cond-expr",
        "locations": [
          { "start": { "line": 53, "column": 38 }, "end": { "line": 53, "column": 51 } },
          { "start": { "line": 53, "column": 54 }, "end": { "line": 53, "column": 67 } }
        ]
      },
      "3": {
        "loc": { "start": { "line": 54, "column": 13 }, "end": { "line": 54, "column": 61 } },
        "type": "cond-expr",
        "locations": [
          { "start": { "line": 54, "column": 38 }, "end": { "line": 54, "column": 49 } },
          { "start": { "line": 54, "column": 52 }, "end": { "line": 54, "column": 61 } }
        ]
      },
      "4": {
        "loc": { "start": { "line": 62, "column": 17 }, "end": { "line": 62, "column": 82 } },
        "type": "cond-expr",
        "locations": [
          { "start": { "line": 62, "column": 42 }, "end": { "line": 62, "column": 55 } },
          { "start": { "line": 62, "column": 58 }, "end": { "line": 62, "column": 82 } }
        ]
      }
    },
    "s": {
      "0": 0,
      "1": 0,
      "2": 0,
      "3": 0,
      "4": 0,
      "5": 0,
      "6": 0,
      "7": 0,
      "8": 0,
      "9": 0,
      "10": 0,
      "11": 0,
      "12": 0,
      "13": 0,
      "14": 0,
      "15": 0,
      "16": 0,
      "17": 0
    },
    "f": { "0": 0, "1": 0, "2": 0, "3": 0 },
    "b": { "0": [0, 0], "1": [0, 0], "2": [0, 0], "3": [0, 0], "4": [0, 0] }
  },
  "/workspaces/PatchPath-AI/app/api/test-patch-generation/route.ts": {
    "path": "/workspaces/PatchPath-AI/app/api/test-patch-generation/route.ts",
    "statementMap": {
      "0": { "start": { "line": 13, "column": 0 }, "end": { "line": 13, "column": 7 } },
      "1": { "start": { "line": 6, "column": 0 }, "end": { "line": 6, "column": 61 } },
      "2": { "start": { "line": 7, "column": 0 }, "end": { "line": 7, "column": 66 } },
      "3": { "start": { "line": 8, "column": 0 }, "end": { "line": 8, "column": 78 } },
      "4": { "start": { "line": 9, "column": 0 }, "end": { "line": 9, "column": 82 } },
      "5": { "start": { "line": 10, "column": 0 }, "end": { "line": 10, "column": 54 } },
      "6": { "start": { "line": 11, "column": 0 }, "end": { "line": 11, "column": 34 } },
      "7": { "start": { "line": 15, "column": 2 }, "end": { "line": 20, "column": 3 } },
      "8": { "start": { "line": 16, "column": 4 }, "end": { "line": 19, "column": 6 } },
      "9": { "start": { "line": 22, "column": 2 }, "end": { "line": 111, "column": 3 } },
      "10": { "start": { "line": 24, "column": 4 }, "end": { "line": 33, "column": 5 } },
      "11": { "start": { "line": 25, "column": 6 }, "end": { "line": 32, "column": 8 } },
      "12": { "start": { "line": 35, "column": 25 }, "end": { "line": 35, "column": 53 } },
      "13": { "start": { "line": 36, "column": 20 }, "end": { "line": 36, "column": 55 } },
      "14": { "start": { "line": 37, "column": 16 }, "end": { "line": 37, "column": 49 } },
      "15": { "start": { "line": 38, "column": 19 }, "end": { "line": 38, "column": 89 } },
      "16": { "start": { "line": 39, "column": 22 }, "end": { "line": 39, "column": 64 } },
      "17": { "start": { "line": 40, "column": 18 }, "end": { "line": 40, "column": 56 } },
      "18": { "start": { "line": 42, "column": 4 }, "end": { "line": 47, "column": 7 } },
      "19": { "start": { "line": 52, "column": 4 }, "end": { "line": 57, "column": 5 } },
      "20": { "start": { "line": 53, "column": 6 }, "end": { "line": 53, "column": 57 } },
      "21": { "start": { "line": 54, "column": 6 }, "end": { "line": 54, "column": 33 } },
      "22": { "start": { "line": 56, "column": 6 }, "end": { "line": 56, "column": 52 } },
      "23": { "start": { "line": 58, "column": 25 }, "end": { "line": 58, "column": 68 } },
      "24": { "start": { "line": 59, "column": 21 }, "end": { "line": 59, "column": 44 } },
      "25": { "start": { "line": 62, "column": 22 }, "end": { "line": 62, "column": 32 } },
      "26": { "start": { "line": 63, "column": 18 }, "end": { "line": 66, "column": 6 } },
      "27": { "start": { "line": 67, "column": 27 }, "end": { "line": 67, "column": 49 } },
      "28": { "start": { "line": 69, "column": 4 }, "end": { "line": 93, "column": 7 } },
      "29": { "start": { "line": 95, "column": 25 }, "end": { "line": 95, "column": 81 } },
      "30": { "start": { "line": 96, "column": 23 }, "end": { "line": 96, "column": 71 } },
      "31": { "start": { "line": 98, "column": 4 }, "end": { "line": 101, "column": 7 } },
      "32": { "start": { "line": 103, "column": 4 }, "end": { "line": 110, "column": 6 } }
    },
    "fnMap": {
      "0": {
        "name": "GET",
        "decl": { "start": { "line": 13, "column": 22 }, "end": { "line": 13, "column": 25 } },
        "loc": { "start": { "line": 13, "column": 46 }, "end": { "line": 112, "column": 1 } }
      }
    },
    "branchMap": {
      "0": {
        "loc": { "start": { "line": 15, "column": 2 }, "end": { "line": 20, "column": 3 } },
        "type": "if",
        "locations": [
          { "start": { "line": 15, "column": 2 }, "end": { "line": 20, "column": 3 } },
          { "start": {}, "end": {} }
        ]
      },
      "1": {
        "loc": { "start": { "line": 24, "column": 4 }, "end": { "line": 33, "column": 5 } },
        "type": "if",
        "locations": [
          { "start": { "line": 24, "column": 4 }, "end": { "line": 33, "column": 5 } },
          { "start": {}, "end": {} }
        ]
      },
      "2": {
        "loc": { "start": { "line": 37, "column": 16 }, "end": { "line": 37, "column": 49 } },
        "type": "binary-expr",
        "locations": [
          { "start": { "line": 37, "column": 16 }, "end": { "line": 37, "column": 39 } },
          { "start": { "line": 37, "column": 43 }, "end": { "line": 37, "column": 49 } }
        ]
      },
      "3": {
        "loc": { "start": { "line": 38, "column": 19 }, "end": { "line": 38, "column": 89 } },
        "type": "binary-expr",
        "locations": [
          { "start": { "line": 38, "column": 19 }, "end": { "line": 38, "column": 45 } },
          { "start": { "line": 38, "column": 49 }, "end": { "line": 38, "column": 89 } }
        ]
      },
      "4": {
        "loc": { "start": { "line": 39, "column": 22 }, "end": { "line": 39, "column": 64 } },
        "type": "binary-expr",
        "locations": [
          { "start": { "line": 39, "column": 22 }, "end": { "line": 39, "column": 51 } },
          { "start": { "line": 39, "column": 55 }, "end": { "line": 39, "column": 64 } }
        ]
      },
      "5": {
        "loc": { "start": { "line": 40, "column": 18 }, "end": { "line": 40, "column": 56 } },
        "type": "binary-expr",
        "locations": [
          { "start": { "line": 40, "column": 18 }, "end": { "line": 40, "column": 43 } },
          { "start": { "line": 40, "column": 47 }, "end": { "line": 40, "column": 56 } }
        ]
      },
      "6": {
        "loc": { "start": { "line": 43, "column": 12 }, "end": { "line": 43, "column": 39 } },
        "type": "cond-expr",
        "locations": [
          { "start": { "line": 43, "column": 22 }, "end": { "line": 43, "column": 33 } },
          { "start": { "line": 43, "column": 36 }, "end": { "line": 43, "column": 39 } }
        ]
      },
      "7": {
        "loc": { "start": { "line": 52, "column": 4 }, "end": { "line": 57, "column": 5 } },
        "type": "if",
        "locations": [
          { "start": { "line": 52, "column": 4 }, "end": { "line": 57, "column": 5 } },
          { "start": { "line": 55, "column": 11 }, "end": { "line": 57, "column": 5 } }
        ]
      },
      "8": {
        "loc": { "start": { "line": 52, "column": 8 }, "end": { "line": 52, "column": 41 } },
        "type": "binary-expr",
        "locations": [
          { "start": { "line": 52, "column": 8 }, "end": { "line": 52, "column": 15 } },
          { "start": { "line": 52, "column": 19 }, "end": { "line": 52, "column": 23 } },
          { "start": { "line": 52, "column": 27 }, "end": { "line": 52, "column": 41 } }
        ]
      },
      "9": {
        "loc": { "start": { "line": 95, "column": 25 }, "end": { "line": 95, "column": 81 } },
        "type": "cond-expr",
        "locations": [
          { "start": { "line": 95, "column": 50 }, "end": { "line": 95, "column": 63 } },
          { "start": { "line": 95, "column": 66 }, "end": { "line": 95, "column": 81 } }
        ]
      },
      "10": {
        "loc": { "start": { "line": 96, "column": 23 }, "end": { "line": 96, "column": 71 } },
        "type": "cond-expr",
        "locations": [
          { "start": { "line": 96, "column": 48 }, "end": { "line": 96, "column": 59 } },
          { "start": { "line": 96, "column": 62 }, "end": { "line": 96, "column": 71 } }
        ]
      },
      "11": {
        "loc": { "start": { "line": 107, "column": 15 }, "end": { "line": 107, "column": 78 } },
        "type": "cond-expr",
        "locations": [
          { "start": { "line": 107, "column": 56 }, "end": { "line": 107, "column": 66 } },
          { "start": { "line": 107, "column": 69 }, "end": { "line": 107, "column": 78 } }
        ]
      }
    },
    "s": {
      "0": 0,
      "1": 0,
      "2": 0,
      "3": 0,
      "4": 0,
      "5": 0,
      "6": 0,
      "7": 0,
      "8": 0,
      "9": 0,
      "10": 0,
      "11": 0,
      "12": 0,
      "13": 0,
      "14": 0,
      "15": 0,
      "16": 0,
      "17": 0,
      "18": 0,
      "19": 0,
      "20": 0,
      "21": 0,
      "22": 0,
      "23": 0,
      "24": 0,
      "25": 0,
      "26": 0,
      "27": 0,
      "28": 0,
      "29": 0,
      "30": 0,
      "31": 0,
      "32": 0
    },
    "f": { "0": 0 },
    "b": {
      "0": [0, 0],
      "1": [0, 0],
      "2": [0, 0],
      "3": [0, 0],
      "4": [0, 0],
      "5": [0, 0],
      "6": [0, 0],
      "7": [0, 0],
      "8": [0, 0, 0],
      "9": [0, 0],
      "10": [0, 0],
      "11": [0, 0]
    }
  },
  "/workspaces/PatchPath-AI/app/api/test-scraper/route.ts": {
    "path": "/workspaces/PatchPath-AI/app/api/test-scraper/route.ts",
    "statementMap": {
      "0": { "start": { "line": 11, "column": 0 }, "end": { "line": 11, "column": 7 } },
      "1": { "start": { "line": 6, "column": 0 }, "end": { "line": 6, "column": 61 } },
      "2": { "start": { "line": 7, "column": 0 }, "end": { "line": 7, "column": 66 } },
      "3": { "start": { "line": 8, "column": 0 }, "end": { "line": 8, "column": 99 } },
      "4": { "start": { "line": 9, "column": 0 }, "end": { "line": 9, "column": 34 } },
      "5": { "start": { "line": 13, "column": 2 }, "end": { "line": 18, "column": 3 } },
      "6": { "start": { "line": 14, "column": 4 }, "end": { "line": 17, "column": 6 } },
      "7": { "start": { "line": 20, "column": 2 }, "end": { "line": 74, "column": 3 } },
      "8": { "start": { "line": 21, "column": 25 }, "end": { "line": 21, "column": 53 } },
      "9": { "start": { "line": 22, "column": 16 }, "end": { "line": 22, "column": 39 } },
      "10": { "start": { "line": 24, "column": 4 }, "end": { "line": 32, "column": 5 } },
      "11": { "start": { "line": 25, "column": 6 }, "end": { "line": 31, "column": 8 } },
      "12": { "start": { "line": 34, "column": 4 }, "end": { "line": 34, "column": 47 } },
      "13": { "start": { "line": 37, "column": 23 }, "end": { "line": 37, "column": 55 } },
      "14": { "start": { "line": 38, "column": 25 }, "end": { "line": 38, "column": 68 } },
      "15": { "start": { "line": 39, "column": 21 }, "end": { "line": 39, "column": 44 } },
      "16": { "start": { "line": 40, "column": 20 }, "end": { "line": 40, "column": 61 } },
      "17": { "start": { "line": 42, "column": 4 }, "end": { "line": 56, "column": 7 } },
      "18": { "start": { "line": 58, "column": 25 }, "end": { "line": 58, "column": 81 } },
      "19": { "start": { "line": 59, "column": 23 }, "end": { "line": 59, "column": 71 } },
      "20": { "start": { "line": 61, "column": 4 }, "end": { "line": 64, "column": 7 } },
      "21": { "start": { "line": 66, "column": 4 }, "end": { "line": 73, "column": 6 } }
    },
    "fnMap": {
      "0": {
        "name": "GET",
        "decl": { "start": { "line": 11, "column": 22 }, "end": { "line": 11, "column": 25 } },
        "loc": { "start": { "line": 11, "column": 46 }, "end": { "line": 75, "column": 1 } }
      }
    },
    "branchMap": {
      "0": {
        "loc": { "start": { "line": 13, "column": 2 }, "end": { "line": 18, "column": 3 } },
        "type": "if",
        "locations": [
          { "start": { "line": 13, "column": 2 }, "end": { "line": 18, "column": 3 } },
          { "start": {}, "end": {} }
        ]
      },
      "1": {
        "loc": { "start": { "line": 24, "column": 4 }, "end": { "line": 32, "column": 5 } },
        "type": "if",
        "locations": [
          { "start": { "line": 24, "column": 4 }, "end": { "line": 32, "column": 5 } },
          { "start": {}, "end": {} }
        ]
      },
      "2": {
        "loc": { "start": { "line": 58, "column": 25 }, "end": { "line": 58, "column": 81 } },
        "type": "cond-expr",
        "locations": [
          { "start": { "line": 58, "column": 50 }, "end": { "line": 58, "column": 63 } },
          { "start": { "line": 58, "column": 66 }, "end": { "line": 58, "column": 81 } }
        ]
      },
      "3": {
        "loc": { "start": { "line": 59, "column": 23 }, "end": { "line": 59, "column": 71 } },
        "type": "cond-expr",
        "locations": [
          { "start": { "line": 59, "column": 48 }, "end": { "line": 59, "column": 59 } },
          { "start": { "line": 59, "column": 62 }, "end": { "line": 59, "column": 71 } }
        ]
      },
      "4": {
        "loc": { "start": { "line": 70, "column": 15 }, "end": { "line": 70, "column": 78 } },
        "type": "cond-expr",
        "locations": [
          { "start": { "line": 70, "column": 56 }, "end": { "line": 70, "column": 66 } },
          { "start": { "line": 70, "column": 69 }, "end": { "line": 70, "column": 78 } }
        ]
      }
    },
    "s": {
      "0": 0,
      "1": 0,
      "2": 0,
      "3": 0,
      "4": 0,
      "5": 0,
      "6": 0,
      "7": 0,
      "8": 0,
      "9": 0,
      "10": 0,
      "11": 0,
      "12": 0,
      "13": 0,
      "14": 0,
      "15": 0,
      "16": 0,
      "17": 0,
      "18": 0,
      "19": 0,
      "20": 0,
      "21": 0
    },
    "f": { "0": 0 },
    "b": { "0": [0, 0], "1": [0, 0], "2": [0, 0], "3": [0, 0], "4": [0, 0] }
  },
  "/workspaces/PatchPath-AI/app/api/vision/analyze-and-enrich/route.ts": {
    "path": "/workspaces/PatchPath-AI/app/api/vision/analyze-and-enrich/route.ts",
    "statementMap": {
      "0": { "start": { "line": 22, "column": 0 }, "end": { "line": 22, "column": 7 } },
      "1": { "start": { "line": 12, "column": 0 }, "end": { "line": 12, "column": 61 } },
      "2": { "start": { "line": 13, "column": 0 }, "end": { "line": 13, "column": null } },
      "3": { "start": { "line": 18, "column": 0 }, "end": { "line": 18, "column": 91 } },
      "4": { "start": { "line": 19, "column": 0 }, "end": { "line": 19, "column": 59 } },
      "5": { "start": { "line": 20, "column": 0 }, "end": { "line": 20, "column": 34 } },
      "6": { "start": { "line": 23, "column": 2 }, "end": { "line": 156, "column": 3 } },
      "7": { "start": { "line": 25, "column": 4 }, "end": { "line": 34, "column": 5 } },
      "8": { "start": { "line": 26, "column": 6 }, "end": { "line": 33, "column": 8 } },
      "9": { "start": { "line": 37, "column": 21 }, "end": { "line": 37, "column": 45 } },
      "10": { "start": { "line": 38, "column": 22 }, "end": { "line": 38, "column": 58 } },
      "11": { "start": { "line": 40, "column": 4 }, "end": { "line": 49, "column": 5 } },
      "12": { "start": { "line": 41, "column": 6 }, "end": { "line": 48, "column": 8 } },
      "13": { "start": { "line": 51, "column": 4 }, "end": { "line": 55, "column": 7 } },
      "14": { "start": { "line": 58, "column": 24 }, "end": { "line": 58, "column": 53 } },
      "15": { "start": { "line": 59, "column": 19 }, "end": { "line": 59, "column": 43 } },
      "16": { "start": { "line": 62, "column": 63 }, "end": { "line": 62, "column": 75 } },
      "17": { "start": { "line": 63, "column": 4 }, "end": { "line": 63, "column": 64 } },
      "18": { "start": { "line": 63, "column": 40 }, "end": { "line": 63, "column": 64 } },
      "19": { "start": { "line": 64, "column": 4 }, "end": { "line": 64, "column": 66 } },
      "20": { "start": { "line": 64, "column": 41 }, "end": { "line": 64, "column": 66 } },
      "21": { "start": { "line": 67, "column": 24 }, "end": { "line": 67, "column": 34 } },
      "22": { "start": { "line": 68, "column": 27 }, "end": { "line": 68, "column": 68 } },
      "23": { "start": { "line": 69, "column": 23 }, "end": { "line": 69, "column": 47 } },
      "24": { "start": { "line": 71, "column": 4 }, "end": { "line": 75, "column": 7 } },
      "25": { "start": { "line": 78, "column": 28 }, "end": { "line": 78, "column": 32 } },
      "26": { "start": { "line": 79, "column": 26 }, "end": { "line": 79, "column": 30 } },
      "27": { "start": { "line": 80, "column": 25 }, "end": { "line": 80, "column": 26 } },
      "28": { "start": { "line": 82, "column": 4 }, "end": { "line": 99, "column": 5 } },
      "29": { "start": { "line": 83, "column": 6 }, "end": { "line": 83, "column": 53 } },
      "30": { "start": { "line": 85, "column": 26 }, "end": { "line": 85, "column": 36 } },
      "31": { "start": { "line": 86, "column": 6 }, "end": { "line": 86, "column": 75 } },
      "32": { "start": { "line": 87, "column": 6 }, "end": { "line": 87, "column": 48 } },
      "33": { "start": { "line": 89, "column": 6 }, "end": { "line": 89, "column": 68 } },
      "34": { "start": { "line": 91, "column": 6 }, "end": { "line": 96, "column": 9 } },
      "35": { "start": { "line": 97, "column": 11 }, "end": { "line": 99, "column": 5 } },
      "36": { "start": { "line": 98, "column": 6 }, "end": { "line": 98, "column": 72 } },
      "37": { "start": { "line": 102, "column": 23 }, "end": { "line": 102, "column": 51 } },
      "38": { "start": { "line": 103, "column": 27 }, "end": { "line": 103, "column": 82 } },
      "39": { "start": { "line": 104, "column": 22 }, "end": { "line": 104, "column": 49 } },
      "40": { "start": { "line": 106, "column": 4 }, "end": { "line": 138, "column": 7 } },
      "41": { "start": { "line": 140, "column": 25 }, "end": { "line": 140, "column": 81 } },
      "42": { "start": { "line": 141, "column": 23 }, "end": { "line": 141, "column": 71 } },
      "43": { "start": { "line": 143, "column": 4 }, "end": { "line": 146, "column": 7 } },
      "44": { "start": { "line": 148, "column": 4 }, "end": { "line": 155, "column": 6 } },
      "45": { "start": { "line": 159, "column": 13 }, "end": { "line": 159, "column": 32 } }
    },
    "fnMap": {
      "0": {
        "name": "POST",
        "decl": { "start": { "line": 22, "column": 22 }, "end": { "line": 22, "column": 26 } },
        "loc": { "start": { "line": 22, "column": 47 }, "end": { "line": 157, "column": 1 } }
      }
    },
    "branchMap": {
      "0": {
        "loc": { "start": { "line": 25, "column": 4 }, "end": { "line": 34, "column": 5 } },
        "type": "if",
        "locations": [
          { "start": { "line": 25, "column": 4 }, "end": { "line": 34, "column": 5 } },
          { "start": {}, "end": {} }
        ]
      },
      "1": {
        "loc": { "start": { "line": 40, "column": 4 }, "end": { "line": 49, "column": 5 } },
        "type": "if",
        "locations": [
          { "start": { "line": 40, "column": 4 }, "end": { "line": 49, "column": 5 } },
          { "start": {}, "end": {} }
        ]
      },
      "2": {
        "loc": { "start": { "line": 63, "column": 4 }, "end": { "line": 63, "column": 64 } },
        "type": "if",
        "locations": [
          { "start": { "line": 63, "column": 4 }, "end": { "line": 63, "column": 64 } },
          { "start": {}, "end": {} }
        ]
      },
      "3": {
        "loc": { "start": { "line": 64, "column": 4 }, "end": { "line": 64, "column": 66 } },
        "type": "if",
        "locations": [
          { "start": { "line": 64, "column": 4 }, "end": { "line": 64, "column": 66 } },
          { "start": {}, "end": {} }
        ]
      },
      "4": {
        "loc": { "start": { "line": 82, "column": 4 }, "end": { "line": 99, "column": 5 } },
        "type": "if",
        "locations": [
          { "start": { "line": 82, "column": 4 }, "end": { "line": 99, "column": 5 } },
          { "start": { "line": 97, "column": 11 }, "end": { "line": 99, "column": 5 } }
        ]
      },
      "5": {
        "loc": { "start": { "line": 82, "column": 8 }, "end": { "line": 82, "column": 65 } },
        "type": "binary-expr",
        "locations": [
          { "start": { "line": 82, "column": 8 }, "end": { "line": 82, "column": 28 } },
          { "start": { "line": 82, "column": 32 }, "end": { "line": 82, "column": 65 } }
        ]
      },
      "6": {
        "loc": { "start": { "line": 97, "column": 11 }, "end": { "line": 99, "column": 5 } },
        "type": "if",
        "locations": [
          { "start": { "line": 97, "column": 11 }, "end": { "line": 99, "column": 5 } },
          { "start": {}, "end": {} }
        ]
      },
      "7": {
        "loc": { "start": { "line": 103, "column": 27 }, "end": { "line": 103, "column": 82 } },
        "type": "cond-expr",
        "locations": [
          { "start": { "line": 103, "column": 45 }, "end": { "line": 103, "column": 78 } },
          { "start": { "line": 103, "column": 81 }, "end": { "line": 103, "column": 82 } }
        ]
      },
      "8": {
        "loc": { "start": { "line": 110, "column": 20 }, "end": { "line": 112, "column": 28 } },
        "type": "cond-expr",
        "locations": [
          { "start": { "line": 111, "column": 12 }, "end": { "line": 111, "column": 52 } },
          { "start": { "line": 112, "column": 12 }, "end": { "line": 112, "column": 28 } }
        ]
      },
      "9": {
        "loc": { "start": { "line": 119, "column": 15 }, "end": { "line": 119, "column": 85 } },
        "type": "cond-expr",
        "locations": [
          { "start": { "line": 119, "column": 33 }, "end": { "line": 119, "column": 75 } },
          { "start": { "line": 119, "column": 78 }, "end": { "line": 119, "column": 85 } }
        ]
      },
      "10": {
        "loc": { "start": { "line": 124, "column": 18 }, "end": { "line": 129, "column": 14 } },
        "type": "cond-expr",
        "locations": [
          { "start": { "line": 125, "column": 10 }, "end": { "line": 128, "column": null } },
          { "start": { "line": 129, "column": 10 }, "end": { "line": 129, "column": 14 } }
        ]
      },
      "11": {
        "loc": { "start": { "line": 132, "column": 25 }, "end": { "line": 132, "column": 55 } },
        "type": "binary-expr",
        "locations": [
          { "start": { "line": 132, "column": 25 }, "end": { "line": 132, "column": 50 } },
          { "start": { "line": 132, "column": 54 }, "end": { "line": 132, "column": 55 } }
        ]
      },
      "12": {
        "loc": { "start": { "line": 133, "column": 22 }, "end": { "line": 133, "column": 88 } },
        "type": "cond-expr",
        "locations": [
          { "start": { "line": 133, "column": 40 }, "end": { "line": 133, "column": 80 } },
          { "start": { "line": 133, "column": 83 }, "end": { "line": 133, "column": 88 } }
        ]
      },
      "13": {
        "loc": { "start": { "line": 134, "column": 23 }, "end": { "line": 136, "column": 17 } },
        "type": "cond-expr",
        "locations": [
          { "start": { "line": 135, "column": 12 }, "end": { "line": 135, "column": 67 } },
          { "start": { "line": 136, "column": 12 }, "end": { "line": 136, "column": 17 } }
        ]
      },
      "14": {
        "loc": { "start": { "line": 140, "column": 25 }, "end": { "line": 140, "column": 81 } },
        "type": "cond-expr",
        "locations": [
          { "start": { "line": 140, "column": 50 }, "end": { "line": 140, "column": 63 } },
          { "start": { "line": 140, "column": 66 }, "end": { "line": 140, "column": 81 } }
        ]
      },
      "15": {
        "loc": { "start": { "line": 141, "column": 23 }, "end": { "line": 141, "column": 71 } },
        "type": "cond-expr",
        "locations": [
          { "start": { "line": 141, "column": 48 }, "end": { "line": 141, "column": 59 } },
          { "start": { "line": 141, "column": 62 }, "end": { "line": 141, "column": 71 } }
        ]
      },
      "16": {
        "loc": { "start": { "line": 152, "column": 15 }, "end": { "line": 152, "column": 78 } },
        "type": "cond-expr",
        "locations": [
          { "start": { "line": 152, "column": 56 }, "end": { "line": 152, "column": 66 } },
          { "start": { "line": 152, "column": 69 }, "end": { "line": 152, "column": 78 } }
        ]
      }
    },
    "s": {
      "0": 0,
      "1": 0,
      "2": 0,
      "3": 0,
      "4": 0,
      "5": 0,
      "6": 0,
      "7": 0,
      "8": 0,
      "9": 0,
      "10": 0,
      "11": 0,
      "12": 0,
      "13": 0,
      "14": 0,
      "15": 0,
      "16": 0,
      "17": 0,
      "18": 0,
      "19": 0,
      "20": 0,
      "21": 0,
      "22": 0,
      "23": 0,
      "24": 0,
      "25": 0,
      "26": 0,
      "27": 0,
      "28": 0,
      "29": 0,
      "30": 0,
      "31": 0,
      "32": 0,
      "33": 0,
      "34": 0,
      "35": 0,
      "36": 0,
      "37": 0,
      "38": 0,
      "39": 0,
      "40": 0,
      "41": 0,
      "42": 0,
      "43": 0,
      "44": 0,
      "45": 0
    },
    "f": { "0": 0 },
    "b": {
      "0": [0, 0],
      "1": [0, 0],
      "2": [0, 0],
      "3": [0, 0],
      "4": [0, 0],
      "5": [0, 0],
      "6": [0, 0],
      "7": [0, 0],
      "8": [0, 0],
      "9": [0, 0],
      "10": [0, 0],
      "11": [0, 0],
      "12": [0, 0],
      "13": [0, 0],
      "14": [0, 0],
      "15": [0, 0],
      "16": [0, 0]
    }
  },
  "/workspaces/PatchPath-AI/app/api/vision/analyze-rack/route.ts": {
    "path": "/workspaces/PatchPath-AI/app/api/vision/analyze-rack/route.ts",
    "statementMap": {
      "0": { "start": { "line": 16, "column": 0 }, "end": { "line": 16, "column": 7 } },
      "1": { "start": { "line": 7, "column": 0 }, "end": { "line": 7, "column": 61 } },
      "2": { "start": { "line": 8, "column": 0 }, "end": { "line": 8, "column": null } },
      "3": { "start": { "line": 13, "column": 0 }, "end": { "line": 13, "column": 57 } },
      "4": { "start": { "line": 14, "column": 0 }, "end": { "line": 14, "column": 34 } },
      "5": { "start": { "line": 17, "column": 2 }, "end": { "line": 133, "column": 3 } },
      "6": { "start": { "line": 19, "column": 4 }, "end": { "line": 28, "column": 5 } },
      "7": { "start": { "line": 20, "column": 6 }, "end": { "line": 27, "column": 8 } },
      "8": { "start": { "line": 31, "column": 21 }, "end": { "line": 31, "column": 45 } },
      "9": { "start": { "line": 32, "column": 22 }, "end": { "line": 32, "column": 58 } },
      "10": { "start": { "line": 33, "column": 23 }, "end": { "line": 33, "column": 56 } },
      "11": { "start": { "line": 35, "column": 4 }, "end": { "line": 44, "column": 5 } },
      "12": { "start": { "line": 36, "column": 6 }, "end": { "line": 43, "column": 8 } },
      "13": { "start": { "line": 46, "column": 4 }, "end": { "line": 51, "column": 7 } },
      "14": { "start": { "line": 54, "column": 24 }, "end": { "line": 54, "column": 53 } },
      "15": { "start": { "line": 55, "column": 19 }, "end": { "line": 55, "column": 43 } },
      "16": { "start": { "line": 58, "column": 63 }, "end": { "line": 58, "column": 75 } },
      "17": { "start": { "line": 59, "column": 4 }, "end": { "line": 59, "column": 64 } },
      "18": { "start": { "line": 59, "column": 40 }, "end": { "line": 59, "column": 64 } },
      "19": { "start": { "line": 60, "column": 4 }, "end": { "line": 60, "column": 66 } },
      "20": { "start": { "line": 60, "column": 41 }, "end": { "line": 60, "column": 66 } },
      "21": { "start": { "line": 63, "column": 22 }, "end": { "line": 63, "column": 32 } },
      "22": { "start": { "line": 64, "column": 27 }, "end": { "line": 64, "column": 68 } },
      "23": { "start": { "line": 65, "column": 23 }, "end": { "line": 65, "column": 45 } },
      "24": { "start": { "line": 67, "column": 4 }, "end": { "line": 70, "column": 7 } },
      "25": { "start": { "line": 73, "column": 26 }, "end": { "line": 73, "column": 30 } },
      "26": { "start": { "line": 74, "column": 25 }, "end": { "line": 74, "column": 26 } },
      "27": { "start": { "line": 76, "column": 4 }, "end": { "line": 94, "column": 5 } },
      "28": { "start": { "line": 77, "column": 6 }, "end": { "line": 79, "column": 9 } },
      "29": { "start": { "line": 81, "column": 26 }, "end": { "line": 81, "column": 36 } },
      "30": { "start": { "line": 82, "column": 6 }, "end": { "line": 87, "column": 8 } },
      "31": { "start": { "line": 83, "column": 43 }, "end": { "line": 86, "column": 10 } },
      "32": { "start": { "line": 88, "column": 6 }, "end": { "line": 88, "column": 48 } },
      "33": { "start": { "line": 90, "column": 6 }, "end": { "line": 93, "column": 9 } },
      "34": { "start": { "line": 96, "column": 4 }, "end": { "line": 115, "column": 7 } },
      "35": { "start": { "line": 108, "column": 61 }, "end": { "line": 108, "column": 79 } },
      "36": { "start": { "line": 110, "column": 17 }, "end": { "line": 110, "column": 59 } },
      "37": { "start": { "line": 112, "column": 60 }, "end": { "line": 112, "column": 78 } },
      "38": { "start": { "line": 117, "column": 25 }, "end": { "line": 117, "column": 81 } },
      "39": { "start": { "line": 118, "column": 23 }, "end": { "line": 118, "column": 71 } },
      "40": { "start": { "line": 120, "column": 4 }, "end": { "line": 123, "column": 7 } },
      "41": { "start": { "line": 125, "column": 4 }, "end": { "line": 132, "column": 6 } },
      "42": { "start": { "line": 137, "column": 13 }, "end": { "line": 137, "column": 32 } }
    },
    "fnMap": {
      "0": {
        "name": "POST",
        "decl": { "start": { "line": 16, "column": 22 }, "end": { "line": 16, "column": 26 } },
        "loc": { "start": { "line": 16, "column": 47 }, "end": { "line": 134, "column": 1 } }
      },
      "1": {
        "name": "(anonymous_2)",
        "decl": { "start": { "line": 83, "column": 35 }, "end": { "line": 83, "column": 36 } },
        "loc": { "start": { "line": 83, "column": 43 }, "end": { "line": 86, "column": 10 } }
      },
      "2": {
        "name": "(anonymous_3)",
        "decl": { "start": { "line": 108, "column": 54 }, "end": { "line": 108, "column": 55 } },
        "loc": { "start": { "line": 108, "column": 61 }, "end": { "line": 108, "column": 79 } }
      },
      "3": {
        "name": "(anonymous_4)",
        "decl": { "start": { "line": 110, "column": 10 }, "end": { "line": 110, "column": 11 } },
        "loc": { "start": { "line": 110, "column": 17 }, "end": { "line": 110, "column": 59 } }
      },
      "4": {
        "name": "(anonymous_5)",
        "decl": { "start": { "line": 112, "column": 53 }, "end": { "line": 112, "column": 54 } },
        "loc": { "start": { "line": 112, "column": 60 }, "end": { "line": 112, "column": 78 } }
      }
    },
    "branchMap": {
      "0": {
        "loc": { "start": { "line": 19, "column": 4 }, "end": { "line": 28, "column": 5 } },
        "type": "if",
        "locations": [
          { "start": { "line": 19, "column": 4 }, "end": { "line": 28, "column": 5 } },
          { "start": {}, "end": {} }
        ]
      },
      "1": {
        "loc": { "start": { "line": 35, "column": 4 }, "end": { "line": 44, "column": 5 } },
        "type": "if",
        "locations": [
          { "start": { "line": 35, "column": 4 }, "end": { "line": 44, "column": 5 } },
          { "start": {}, "end": {} }
        ]
      },
      "2": {
        "loc": { "start": { "line": 59, "column": 4 }, "end": { "line": 59, "column": 64 } },
        "type": "if",
        "locations": [
          { "start": { "line": 59, "column": 4 }, "end": { "line": 59, "column": 64 } },
          { "start": {}, "end": {} }
        ]
      },
      "3": {
        "loc": { "start": { "line": 60, "column": 4 }, "end": { "line": 60, "column": 66 } },
        "type": "if",
        "locations": [
          { "start": { "line": 60, "column": 4 }, "end": { "line": 60, "column": 66 } },
          { "start": {}, "end": {} }
        ]
      },
      "4": {
        "loc": { "start": { "line": 76, "column": 4 }, "end": { "line": 94, "column": 5 } },
        "type": "if",
        "locations": [
          { "start": { "line": 76, "column": 4 }, "end": { "line": 94, "column": 5 } },
          { "start": {}, "end": {} }
        ]
      },
      "5": {
        "loc": { "start": { "line": 76, "column": 8 }, "end": { "line": 76, "column": 55 } },
        "type": "binary-expr",
        "locations": [
          { "start": { "line": 76, "column": 8 }, "end": { "line": 76, "column": 18 } },
          { "start": { "line": 76, "column": 22 }, "end": { "line": 76, "column": 55 } }
        ]
      },
      "6": {
        "loc": { "start": { "line": 91, "column": 23 }, "end": { "line": 91, "column": 51 } },
        "type": "binary-expr",
        "locations": [
          { "start": { "line": 91, "column": 23 }, "end": { "line": 91, "column": 46 } },
          { "start": { "line": 91, "column": 50 }, "end": { "line": 91, "column": 51 } }
        ]
      },
      "7": {
        "loc": { "start": { "line": 100, "column": 20 }, "end": { "line": 100, "column": 85 } },
        "type": "cond-expr",
        "locations": [
          { "start": { "line": 100, "column": 33 }, "end": { "line": 100, "column": 73 } },
          { "start": { "line": 100, "column": 76 }, "end": { "line": 100, "column": 85 } }
        ]
      },
      "8": {
        "loc": { "start": { "line": 110, "column": 17 }, "end": { "line": 110, "column": 59 } },
        "type": "binary-expr",
        "locations": [
          { "start": { "line": 110, "column": 17 }, "end": { "line": 110, "column": 36 } },
          { "start": { "line": 110, "column": 40 }, "end": { "line": 110, "column": 59 } }
        ]
      },
      "9": {
        "loc": { "start": { "line": 113, "column": 18 }, "end": { "line": 113, "column": 63 } },
        "type": "cond-expr",
        "locations": [
          { "start": { "line": 113, "column": 31 }, "end": { "line": 113, "column": 59 } },
          { "start": { "line": 113, "column": 62 }, "end": { "line": 113, "column": 63 } }
        ]
      },
      "10": {
        "loc": { "start": { "line": 113, "column": 31 }, "end": { "line": 113, "column": 59 } },
        "type": "binary-expr",
        "locations": [
          { "start": { "line": 113, "column": 31 }, "end": { "line": 113, "column": 54 } },
          { "start": { "line": 113, "column": 58 }, "end": { "line": 113, "column": 59 } }
        ]
      },
      "11": {
        "loc": { "start": { "line": 117, "column": 25 }, "end": { "line": 117, "column": 81 } },
        "type": "cond-expr",
        "locations": [
          { "start": { "line": 117, "column": 50 }, "end": { "line": 117, "column": 63 } },
          { "start": { "line": 117, "column": 66 }, "end": { "line": 117, "column": 81 } }
        ]
      },
      "12": {
        "loc": { "start": { "line": 118, "column": 23 }, "end": { "line": 118, "column": 71 } },
        "type": "cond-expr",
        "locations": [
          { "start": { "line": 118, "column": 48 }, "end": { "line": 118, "column": 59 } },
          { "start": { "line": 118, "column": 62 }, "end": { "line": 118, "column": 71 } }
        ]
      },
      "13": {
        "loc": { "start": { "line": 129, "column": 15 }, "end": { "line": 129, "column": 78 } },
        "type": "cond-expr",
        "locations": [
          { "start": { "line": 129, "column": 56 }, "end": { "line": 129, "column": 66 } },
          { "start": { "line": 129, "column": 69 }, "end": { "line": 129, "column": 78 } }
        ]
      }
    },
    "s": {
      "0": 0,
      "1": 0,
      "2": 0,
      "3": 0,
      "4": 0,
      "5": 0,
      "6": 0,
      "7": 0,
      "8": 0,
      "9": 0,
      "10": 0,
      "11": 0,
      "12": 0,
      "13": 0,
      "14": 0,
      "15": 0,
      "16": 0,
      "17": 0,
      "18": 0,
      "19": 0,
      "20": 0,
      "21": 0,
      "22": 0,
      "23": 0,
      "24": 0,
      "25": 0,
      "26": 0,
      "27": 0,
      "28": 0,
      "29": 0,
      "30": 0,
      "31": 0,
      "32": 0,
      "33": 0,
      "34": 0,
      "35": 0,
      "36": 0,
      "37": 0,
      "38": 0,
      "39": 0,
      "40": 0,
      "41": 0,
      "42": 0
    },
    "f": { "0": 0, "1": 0, "2": 0, "3": 0, "4": 0 },
    "b": {
      "0": [0, 0],
      "1": [0, 0],
      "2": [0, 0],
      "3": [0, 0],
      "4": [0, 0],
      "5": [0, 0],
      "6": [0, 0],
      "7": [0, 0],
      "8": [0, 0],
      "9": [0, 0],
      "10": [0, 0],
      "11": [0, 0],
      "12": [0, 0],
      "13": [0, 0]
    }
  },
  "/workspaces/PatchPath-AI/lib/logger.ts": {
    "path": "/workspaces/PatchPath-AI/lib/logger.ts",
    "statementMap": {
      "0": { "start": { "line": 1, "column": 0 }, "end": { "line": 1, "column": 30 } },
      "1": { "start": { "line": 4, "column": 15 }, "end": { "line": 10, "column": 2 } },
      "2": { "start": { "line": 13, "column": 15 }, "end": { "line": 19, "column": 2 } },
      "3": { "start": { "line": 22, "column": 0 }, "end": { "line": 22, "column": 26 } },
      "4": { "start": { "line": 25, "column": 15 }, "end": { "line": 32, "column": null } },
      "5": { "start": { "line": 29, "column": 51 }, "end": { "line": 29, "column": 55 } },
      "6": { "start": { "line": 30, "column": 20 }, "end": { "line": 30, "column": 81 } },
      "7": { "start": { "line": 31, "column": 4 }, "end": { "line": 31, "column": 60 } },
      "8": { "start": { "line": 36, "column": 40 }, "end": { "line": 41, "column": 2 } },
      "9": { "start": { "line": 44, "column": 0 }, "end": { "line": 58, "column": 1 } },
      "10": { "start": { "line": 45, "column": 2 }, "end": { "line": 57, "column": 4 } },
      "11": { "start": { "line": 61, "column": 15 }, "end": { "line": 66, "column": 2 } },
      "12": { "start": { "line": 69, "column": 28 }, "end": { "line": 79, "column": 1 } },
      "13": { "start": { "line": 74, "column": 2 }, "end": { "line": 78, "column": 5 } },
      "14": { "start": { "line": 69, "column": 13 }, "end": { "line": 69, "column": 28 } },
      "15": { "start": { "line": 81, "column": 29 }, "end": { "line": 93, "column": 1 } },
      "16": { "start": { "line": 87, "column": 2 }, "end": { "line": 92, "column": 5 } },
      "17": { "start": { "line": 81, "column": 13 }, "end": { "line": 81, "column": 29 } },
      "18": { "start": { "line": 95, "column": 36 }, "end": { "line": 105, "column": 1 } },
      "19": { "start": { "line": 100, "column": 2 }, "end": { "line": 104, "column": 5 } },
      "20": { "start": { "line": 95, "column": 13 }, "end": { "line": 95, "column": 36 } },
      "21": { "start": { "line": 107, "column": 27 }, "end": { "line": 112, "column": 1 } },
      "22": { "start": { "line": 108, "column": 2 }, "end": { "line": 111, "column": 5 } },
      "23": { "start": { "line": 107, "column": 13 }, "end": { "line": 107, "column": 27 } },
      "24": { "start": { "line": 114, "column": 28 }, "end": { "line": 119, "column": 1 } },
      "25": { "start": { "line": 115, "column": 2 }, "end": { "line": 118, "column": 5 } },
      "26": { "start": { "line": 114, "column": 13 }, "end": { "line": 114, "column": 28 } },
      "27": { "start": { "line": 121, "column": 24 }, "end": { "line": 134, "column": 1 } },
      "28": { "start": { "line": 122, "column": 2 }, "end": { "line": 133, "column": 3 } },
      "29": { "start": { "line": 123, "column": 4 }, "end": { "line": 127, "column": 7 } },
      "30": { "start": { "line": 129, "column": 4 }, "end": { "line": 132, "column": 7 } },
      "31": { "start": { "line": 121, "column": 13 }, "end": { "line": 121, "column": 24 } },
      "32": { "start": { "line": 136, "column": 0 }, "end": { "line": 136, "column": 22 } }
    },
    "fnMap": {
      "0": {
        "name": "(anonymous_1)",
        "decl": { "start": { "line": 28, "column": 24 }, "end": { "line": 28, "column": 25 } },
        "loc": { "start": { "line": 28, "column": 33 }, "end": { "line": 32, "column": 3 } }
      },
      "1": {
        "name": "(anonymous_2)",
        "decl": { "start": { "line": 69, "column": 28 }, "end": { "line": 69, "column": null } },
        "loc": { "start": { "line": 73, "column": 4 }, "end": { "line": 79, "column": 1 } }
      },
      "2": {
        "name": "(anonymous_3)",
        "decl": { "start": { "line": 81, "column": 29 }, "end": { "line": 81, "column": null } },
        "loc": { "start": { "line": 86, "column": 4 }, "end": { "line": 93, "column": 1 } }
      },
      "3": {
        "name": "(anonymous_4)",
        "decl": { "start": { "line": 95, "column": 36 }, "end": { "line": 95, "column": null } },
        "loc": { "start": { "line": 99, "column": 4 }, "end": { "line": 105, "column": 1 } }
      },
      "4": {
        "name": "(anonymous_5)",
        "decl": { "start": { "line": 107, "column": 27 }, "end": { "line": 107, "column": 28 } },
        "loc": { "start": { "line": 107, "column": 79 }, "end": { "line": 112, "column": 1 } }
      },
      "5": {
        "name": "(anonymous_6)",
        "decl": { "start": { "line": 114, "column": 28 }, "end": { "line": 114, "column": 29 } },
        "loc": { "start": { "line": 114, "column": 80 }, "end": { "line": 119, "column": 1 } }
      },
      "6": {
        "name": "(anonymous_7)",
        "decl": { "start": { "line": 121, "column": 24 }, "end": { "line": 121, "column": 25 } },
        "loc": { "start": { "line": 121, "column": 61 }, "end": { "line": 134, "column": 1 } }
      }
    },
    "branchMap": {
      "0": {
        "loc": { "start": { "line": 30, "column": 20 }, "end": { "line": 30, "column": 81 } },
        "type": "cond-expr",
        "locations": [
          { "start": { "line": 30, "column": 47 }, "end": { "line": 30, "column": 76 } },
          { "start": { "line": 30, "column": 79 }, "end": { "line": 30, "column": 81 } }
        ]
      },
      "1": {
        "loc": { "start": { "line": 44, "column": 0 }, "end": { "line": 58, "column": 1 } },
        "type": "if",
        "locations": [
          { "start": { "line": 44, "column": 0 }, "end": { "line": 58, "column": 1 } },
          { "start": {}, "end": {} }
        ]
      },
      "2": {
        "loc": { "start": { "line": 62, "column": 9 }, "end": { "line": 62, "column": 92 } },
        "type": "binary-expr",
        "locations": [
          { "start": { "line": 62, "column": 9 }, "end": { "line": 62, "column": 30 } },
          { "start": { "line": 62, "column": 35 }, "end": { "line": 62, "column": 91 } }
        ]
      },
      "3": {
        "loc": { "start": { "line": 62, "column": 35 }, "end": { "line": 62, "column": 91 } },
        "type": "cond-expr",
        "locations": [
          { "start": { "line": 62, "column": 75 }, "end": { "line": 62, "column": 81 } },
          { "start": { "line": 62, "column": 84 }, "end": { "line": 62, "column": 91 } }
        ]
      },
      "4": {
        "loc": { "start": { "line": 122, "column": 2 }, "end": { "line": 133, "column": 3 } },
        "type": "if",
        "locations": [
          { "start": { "line": 122, "column": 2 }, "end": { "line": 133, "column": 3 } },
          { "start": { "line": 128, "column": 9 }, "end": { "line": 133, "column": 3 } }
        ]
      }
    },
    "s": {
      "0": 0,
      "1": 0,
      "2": 0,
      "3": 0,
      "4": 0,
      "5": 0,
      "6": 0,
      "7": 0,
      "8": 0,
      "9": 0,
      "10": 0,
      "11": 0,
      "12": 0,
      "13": 0,
      "14": 0,
      "15": 0,
      "16": 0,
      "17": 0,
      "18": 0,
      "19": 0,
      "20": 0,
      "21": 0,
      "22": 0,
      "23": 0,
      "24": 0,
      "25": 0,
      "26": 0,
      "27": 0,
      "28": 0,
      "29": 0,
      "30": 0,
      "31": 0,
      "32": 0
    },
    "f": { "0": 0, "1": 0, "2": 0, "3": 0, "4": 0, "5": 0, "6": 0 },
    "b": { "0": [0, 0], "1": [0, 0], "2": [0, 0], "3": [0, 0], "4": [0, 0] }
  },
  "/workspaces/PatchPath-AI/lib/utils.ts": {
    "path": "/workspaces/PatchPath-AI/lib/utils.ts",
    "statementMap": {
      "0": { "start": { "line": 4, "column": 0 }, "end": { "line": 4, "column": 16 } },
      "1": { "start": { "line": 1, "column": 0 }, "end": { "line": 1, "column": 44 } },
      "2": { "start": { "line": 2, "column": 0 }, "end": { "line": 2, "column": 40 } },
      "3": { "start": { "line": 5, "column": 2 }, "end": { "line": 5, "column": null } }
    },
    "fnMap": {
      "0": {
        "name": "cn",
        "decl": { "start": { "line": 4, "column": 16 }, "end": { "line": 4, "column": 18 } },
        "loc": { "start": { "line": 4, "column": 42 }, "end": { "line": 6, "column": 1 } }
      }
    },
    "branchMap": {},
    "s": { "0": 1, "1": 1, "2": 1, "3": 28 },
    "f": { "0": 28 },
    "b": {}
  },
  "/workspaces/PatchPath-AI/lib/ai/claude.ts": {
    "path": "/workspaces/PatchPath-AI/lib/ai/claude.ts",
    "statementMap": {
      "0": { "start": { "line": 131, "column": 0 }, "end": { "line": 131, "column": 7 } },
      "1": { "start": { "line": 271, "column": 0 }, "end": { "line": 271, "column": 7 } },
      "2": { "start": { "line": 403, "column": 0 }, "end": { "line": 403, "column": 16 } },
      "3": { "start": { "line": 410, "column": 0 }, "end": { "line": 410, "column": 16 } },
      "4": { "start": { "line": 6, "column": 0 }, "end": { "line": 6, "column": 42 } },
      "5": { "start": { "line": 7, "column": 0 }, "end": { "line": 7, "column": 89 } },
      "6": { "start": { "line": 8, "column": 0 }, "end": { "line": 8, "column": 43 } },
      "7": { "start": { "line": 9, "column": 0 }, "end": { "line": 9, "column": 34 } },
      "8": { "start": { "line": 12, "column": 18 }, "end": { "line": 14, "column": 2 } },
      "9": { "start": { "line": 17, "column": 14 }, "end": { "line": 17, "column": 33 } },
      "10": { "start": { "line": 18, "column": 19 }, "end": { "line": 18, "column": 23 } },
      "11": { "start": { "line": 24, "column": 2 }, "end": { "line": 67, "column": 40 } },
      "12": { "start": { "line": 82, "column": 21 }, "end": { "line": 84, "column": 15 } },
      "13": { "start": { "line": 83, "column": 16 }, "end": { "line": 83, "column": 73 } },
      "14": { "start": { "line": 87, "column": 30 }, "end": { "line": 98, "column": 2 } },
      "15": { "start": { "line": 100, "column": 15 }, "end": { "line": 108, "column": 28 } },
      "16": { "start": { "line": 110, "column": 2 }, "end": { "line": 112, "column": 3 } },
      "17": { "start": { "line": 111, "column": 4 }, "end": { "line": 111, "column": 50 } },
      "18": { "start": { "line": 114, "column": 2 }, "end": { "line": 116, "column": 3 } },
      "19": { "start": { "line": 115, "column": 4 }, "end": { "line": 115, "column": 42 } },
      "20": { "start": { "line": 118, "column": 2 }, "end": { "line": 121, "column": 3 } },
      "21": { "start": { "line": 119, "column": 4 }, "end": { "line": 120, "column": 54 } },
      "22": { "start": { "line": 120, "column": 31 }, "end": { "line": 120, "column": 39 } },
      "23": { "start": { "line": 123, "column": 2 }, "end": { "line": 123, "column": 121 } },
      "24": { "start": { "line": 125, "column": 2 }, "end": { "line": 125, "column": 16 } },
      "25": { "start": { "line": 142, "column": 2 }, "end": { "line": 265, "column": 3 } },
      "26": { "start": { "line": 143, "column": 22 }, "end": { "line": 143, "column": 32 } },
      "27": { "start": { "line": 145, "column": 4 }, "end": { "line": 152, "column": 7 } },
      "28": { "start": { "line": 154, "column": 25 }, "end": { "line": 154, "column": 44 } },
      "29": { "start": { "line": 155, "column": 23 }, "end": { "line": 161, "column": null } },
      "30": { "start": { "line": 165, "column": 20 }, "end": { "line": 175, "column": 6 } },
      "31": { "start": { "line": 178, "column": 25 }, "end": { "line": 178, "column": 90 } },
      "32": { "start": { "line": 179, "column": 25 }, "end": { "line": 179, "column": 47 } },
      "33": { "start": { "line": 181, "column": 4 }, "end": { "line": 185, "column": 7 } },
      "34": { "start": { "line": 188, "column": 19 }, "end": { "line": 188, "column": 31 } },
      "35": { "start": { "line": 189, "column": 22 }, "end": { "line": 189, "column": 68 } },
      "36": { "start": { "line": 190, "column": 4 }, "end": { "line": 192, "column": 5 } },
      "37": { "start": { "line": 191, "column": 6 }, "end": { "line": 191, "column": 30 } },
      "38": { "start": { "line": 194, "column": 22 }, "end": { "line": 194, "column": 42 } },
      "39": { "start": { "line": 197, "column": 25 }, "end": { "line": 235, "column": 6 } },
      "40": { "start": { "line": 218, "column": 15 }, "end": { "line": 225, "column": 10 } },
      "41": { "start": { "line": 237, "column": 22 }, "end": { "line": 237, "column": 44 } },
      "42": { "start": { "line": 239, "column": 4 }, "end": { "line": 246, "column": 7 } },
      "43": { "start": { "line": 248, "column": 4 }, "end": { "line": 248, "column": 17 } },
      "44": { "start": { "line": 250, "column": 25 }, "end": { "line": 250, "column": 81 } },
      "45": { "start": { "line": 251, "column": 23 }, "end": { "line": 251, "column": 71 } },
      "46": { "start": { "line": 253, "column": 4 }, "end": { "line": 257, "column": 7 } },
      "47": { "start": { "line": 258, "column": 4 }, "end": { "line": 262, "column": 5 } },
      "48": { "start": { "line": 259, "column": 6 }, "end": { "line": 261, "column": 8 } },
      "49": { "start": { "line": 264, "column": 4 }, "end": { "line": 264, "column": 65 } },
      "50": { "start": { "line": 277, "column": 2 }, "end": { "line": 397, "column": 3 } },
      "51": { "start": { "line": 278, "column": 22 }, "end": { "line": 278, "column": 32 } },
      "52": { "start": { "line": 280, "column": 4 }, "end": { "line": 284, "column": 7 } },
      "53": { "start": { "line": 286, "column": 25 }, "end": { "line": 286, "column": 44 } },
      "54": { "start": { "line": 288, "column": 23 }, "end": { "line": 306, "column": 81 } },
      "55": { "start": { "line": 295, "column": 14 }, "end": { "line": 295, "column": 96 } },
      "56": { "start": { "line": 299, "column": 26 }, "end": { "line": 299, "column": 51 } },
      "57": { "start": { "line": 308, "column": 20 }, "end": { "line": 318, "column": 6 } },
      "58": { "start": { "line": 320, "column": 25 }, "end": { "line": 320, "column": 90 } },
      "59": { "start": { "line": 323, "column": 19 }, "end": { "line": 323, "column": 31 } },
      "60": { "start": { "line": 324, "column": 22 }, "end": { "line": 324, "column": 68 } },
      "61": { "start": { "line": 325, "column": 4 }, "end": { "line": 327, "column": 5 } },
      "62": { "start": { "line": 326, "column": 6 }, "end": { "line": 326, "column": 30 } },
      "63": { "start": { "line": 329, "column": 27 }, "end": { "line": 329, "column": 47 } },
      "64": { "start": { "line": 330, "column": 32 }, "end": { "line": 330, "column": 34 } },
      "65": { "start": { "line": 332, "column": 4 }, "end": { "line": 375, "column": 5 } },
      "66": { "start": { "line": 333, "column": 27 }, "end": { "line": 372, "column": 8 } },
      "67": { "start": { "line": 355, "column": 17 }, "end": { "line": 362, "column": 12 } },
      "68": { "start": { "line": 374, "column": 6 }, "end": { "line": 374, "column": 29 } },
      "69": { "start": { "line": 377, "column": 21 }, "end": { "line": 377, "column": 43 } },
      "70": { "start": { "line": 379, "column": 4 }, "end": { "line": 383, "column": 7 } },
      "71": { "start": { "line": 385, "column": 4 }, "end": { "line": 385, "column": 22 } },
      "72": { "start": { "line": 387, "column": 25 }, "end": { "line": 387, "column": 81 } },
      "73": { "start": { "line": 388, "column": 23 }, "end": { "line": 388, "column": 71 } },
      "74": { "start": { "line": 390, "column": 4 }, "end": { "line": 394, "column": 7 } },
      "75": { "start": { "line": 396, "column": 4 }, "end": { "line": 396, "column": 70 } },
      "76": { "start": { "line": 404, "column": 2 }, "end": { "line": 404, "column": 85 } },
      "77": { "start": { "line": 411, "column": 2 }, "end": { "line": 418, "column": 4 } }
    },
    "fnMap": {
      "0": {
        "name": "buildSystemPrompt",
        "decl": { "start": { "line": 23, "column": 9 }, "end": { "line": 23, "column": 26 } },
        "loc": { "start": { "line": 23, "column": 26 }, "end": { "line": 68, "column": 1 } }
      },
      "1": {
        "name": "buildUserPrompt",
        "decl": { "start": { "line": 73, "column": 9 }, "end": { "line": 73, "column": 24 } },
        "loc": { "start": { "line": 79, "column": 16 }, "end": { "line": 126, "column": 1 } }
      },
      "2": {
        "name": "(anonymous_3)",
        "decl": { "start": { "line": 83, "column": 9 }, "end": { "line": 83, "column": 10 } },
        "loc": { "start": { "line": 83, "column": 16 }, "end": { "line": 83, "column": 73 } }
      },
      "3": {
        "name": "(anonymous_4)",
        "decl": { "start": { "line": 120, "column": 24 }, "end": { "line": 120, "column": 25 } },
        "loc": { "start": { "line": 120, "column": 31 }, "end": { "line": 120, "column": 39 } }
      },
      "4": {
        "name": "generatePatch",
        "decl": { "start": { "line": 131, "column": 22 }, "end": { "line": 131, "column": 35 } },
        "loc": { "start": { "line": 140, "column": 3 }, "end": { "line": 266, "column": 1 } }
      },
      "5": {
        "name": "(anonymous_6)",
        "decl": { "start": { "line": 212, "column": 8 }, "end": { "line": 212, "column": 9 } },
        "loc": { "start": { "line": 218, "column": 15 }, "end": { "line": 225, "column": 10 } }
      },
      "6": {
        "name": "generatePatchVariations",
        "decl": { "start": { "line": 271, "column": 22 }, "end": { "line": 271, "column": 45 } },
        "loc": { "start": { "line": 275, "column": 19 }, "end": { "line": 398, "column": 1 } }
      },
      "7": {
        "name": "(anonymous_8)",
        "decl": { "start": { "line": 295, "column": 7 }, "end": { "line": 295, "column": 8 } },
        "loc": { "start": { "line": 295, "column": 14 }, "end": { "line": 295, "column": 96 } }
      },
      "8": {
        "name": "(anonymous_9)",
        "decl": { "start": { "line": 299, "column": 19 }, "end": { "line": 299, "column": 20 } },
        "loc": { "start": { "line": 299, "column": 26 }, "end": { "line": 299, "column": 51 } }
      },
      "9": {
        "name": "(anonymous_10)",
        "decl": { "start": { "line": 349, "column": 10 }, "end": { "line": 349, "column": 11 } },
        "loc": { "start": { "line": 355, "column": 17 }, "end": { "line": 362, "column": 12 } }
      },
      "10": {
        "name": "isClaudeConfigured",
        "decl": { "start": { "line": 403, "column": 16 }, "end": { "line": 403, "column": 34 } },
[...]
      "55": { "start": { "line": 149, "column": 4 }, "end": { "line": 149, "column": 64 } },
      "56": { "start": { "line": 150, "column": 17 }, "end": { "line": 150, "column": 57 } },
      "57": { "start": { "line": 153, "column": 25 }, "end": { "line": 153, "column": 62 } },
      "58": { "start": { "line": 154, "column": 21 }, "end": { "line": 154, "column": 38 } },
      "59": { "start": { "line": 155, "column": 4 }, "end": { "line": 155, "column": 49 } },
      "60": { "start": { "line": 157, "column": 4 }, "end": { "line": 157, "column": 16 } },
      "61": { "start": { "line": 159, "column": 4 }, "end": { "line": 161, "column": 7 } },
      "62": { "start": { "line": 162, "column": 4 }, "end": { "line": 162, "column": 76 } },
      "63": { "start": { "line": 170, "column": 2 }, "end": { "line": 172, "column": 3 } },
      "64": { "start": { "line": 171, "column": 4 }, "end": { "line": 171, "column": 54 } },
      "65": { "start": { "line": 174, "column": 2 }, "end": { "line": 176, "column": 3 } },
      "66": { "start": { "line": 175, "column": 4 }, "end": { "line": 175, "column": 20 } },
      "67": { "start": { "line": 179, "column": 22 }, "end": { "line": 179, "column": 77 } },
      "68": { "start": { "line": 179, "column": 50 }, "end": { "line": 179, "column": 73 } },
      "69": { "start": { "line": 182, "column": 15 }, "end": { "line": 182, "column": 42 } },
      "70": { "start": { "line": 185, "column": 2 }, "end": { "line": 190, "column": 3 } },
      "71": { "start": { "line": 186, "column": 4 }, "end": { "line": 186, "column": 32 } },
      "72": { "start": { "line": 187, "column": 4 }, "end": { "line": 189, "column": 5 } },
      "73": { "start": { "line": 188, "column": 6 }, "end": { "line": 188, "column": 18 } },
      "74": { "start": { "line": 193, "column": 2 }, "end": { "line": 193, "column": 33 } },
      "75": { "start": { "line": 204, "column": 16 }, "end": { "line": 204, "column": 46 } },
      "76": { "start": { "line": 205, "column": 18 }, "end": { "line": 205, "column": 75 } },
      "77": { "start": { "line": 207, "column": 2 }, "end": { "line": 211, "column": 4 } },
      "78": { "start": { "line": 218, "column": 2 }, "end": { "line": 218, "column": 20 } },
      "79": { "start": { "line": 219, "column": 2 }, "end": { "line": 219, "column": 21 } },
      "80": { "start": { "line": 220, "column": 2 }, "end": { "line": 220, "column": 41 } },
      "81": { "start": { "line": 227, "column": 2 }, "end": { "line": 227, "column": 77 } },
      "82": { "start": { "line": 229, "column": 21 }, "end": { "line": 229, "column": 22 } },
      "83": { "start": { "line": 230, "column": 19 }, "end": { "line": 230, "column": 20 } },
      "84": { "start": { "line": 232, "column": 2 }, "end": { "line": 264, "column": 3 } },
      "85": { "start": { "line": 233, "column": 4 }, "end": { "line": 263, "column": 5 } },
      "86": { "start": { "line": 235, "column": 21 }, "end": { "line": 235, "column": 52 } },
      "87": { "start": { "line": 236, "column": 6 }, "end": { "line": 243, "column": 7 } },
      "88": { "start": { "line": 237, "column": 23 }, "end": { "line": 237, "column": 44 } },
      "89": { "start": { "line": 238, "column": 8 }, "end": { "line": 242, "column": 9 } },
      "90": { "start": { "line": 239, "column": 10 }, "end": { "line": 239, "column": 55 } },
      "91": { "start": { "line": 240, "column": 10 }, "end": { "line": 240, "column": 25 } },
      "92": { "start": { "line": 241, "column": 10 }, "end": { "line": 241, "column": 19 } },
      "93": { "start": { "line": 246, "column": 6 }, "end": { "line": 246, "column": 79 } },
      "94": { "start": { "line": 246, "column": 37 }, "end": { "line": 246, "column": 77 } },
      "95": { "start": { "line": 249, "column": 6 }, "end": { "line": 249, "column": 43 } },
      "96": { "start": { "line": 250, "column": 19 }, "end": { "line": 250, "column": 51 } },
      "97": { "start": { "line": 251, "column": 27 }, "end": { "line": 251, "column": 64 } },
      "98": { "start": { "line": 252, "column": 23 }, "end": { "line": 252, "column": 40 } },
      "99": { "start": { "line": 253, "column": 6 }, "end": { "line": 253, "column": 51 } },
      "100": { "start": { "line": 255, "column": 6 }, "end": { "line": 255, "column": 21 } },
      "101": { "start": { "line": 256, "column": 6 }, "end": { "line": 256, "column": 89 } },
      "102": { "start": { "line": 258, "column": 6 }, "end": { "line": 258, "column": 19 } },
      "103": { "start": { "line": 259, "column": 6 }, "end": { "line": 262, "column": 9 } },
      "104": { "start": { "line": 266, "column": 2 }, "end": { "line": 270, "column": 5 } }
    },
    "fnMap": {
      "0": {
        "name": "getRandomRack",
        "decl": { "start": { "line": 42, "column": 22 }, "end": { "line": 42, "column": 35 } },
        "loc": { "start": { "line": 42, "column": 35 }, "end": { "line": 90, "column": 1 } }
      },
      "1": {
        "name": "scrapeRandomRack",
        "decl": { "start": { "line": 95, "column": 15 }, "end": { "line": 95, "column": 31 } },
        "loc": { "start": { "line": 95, "column": 31 }, "end": { "line": 129, "column": 1 } }
      },
      "2": {
        "name": "(anonymous_3)",
        "decl": { "start": { "line": 101, "column": 22 }, "end": { "line": 101, "column": 23 } },
        "loc": { "start": { "line": 101, "column": 35 }, "end": { "line": 101, "column": 64 } }
      },
      "3": {
        "name": "getFallbackRack",
        "decl": { "start": { "line": 134, "column": 15 }, "end": { "line": 134, "column": 30 } },
        "loc": { "start": { "line": 134, "column": 30 }, "end": { "line": 164, "column": 1 } }
      },
      "4": {
        "name": "selectWeightedRandom",
        "decl": { "start": { "line": 169, "column": 9 }, "end": { "line": 169, "column": 29 } },
        "loc": { "start": { "line": 169, "column": 72 }, "end": { "line": 194, "column": 1 } }
      },
      "5": {
        "name": "(anonymous_6)",
        "decl": { "start": { "line": 179, "column": 35 }, "end": { "line": 179, "column": 36 } },
        "loc": { "start": { "line": 179, "column": 50 }, "end": { "line": 179, "column": 73 } }
      },
      "6": {
        "name": "getCacheStatistics",
        "decl": { "start": { "line": 199, "column": 16 }, "end": { "line": 199, "column": 34 } },
        "loc": { "start": { "line": 199, "column": 34 }, "end": { "line": 212, "column": 1 } }
      },
      "7": {
        "name": "resetCacheStatistics",
        "decl": { "start": { "line": 217, "column": 16 }, "end": { "line": 217, "column": 36 } },
        "loc": { "start": { "line": 217, "column": 36 }, "end": { "line": 221, "column": 1 } }
      },
      "8": {
        "name": "seedCache",
        "decl": { "start": { "line": 226, "column": 22 }, "end": { "line": 226, "column": 31 } },
        "loc": { "start": { "line": 226, "column": 31 }, "end": { "line": 271, "column": 1 } }
      },
      "9": {
        "name": "(anonymous_10)",
        "decl": { "start": { "line": 246, "column": 24 }, "end": { "line": 246, "column": 25 } },
        "loc": { "start": { "line": 246, "column": 37 }, "end": { "line": 246, "column": 77 } }
      }
    },
    "branchMap": {
      "0": {
        "loc": { "start": { "line": 49, "column": 4 }, "end": { "line": 75, "column": 5 } },
        "type": "if",
        "locations": [
          { "start": { "line": 49, "column": 4 }, "end": { "line": 75, "column": 5 } },
          { "start": {}, "end": {} }
        ]
      },
      "1": {
        "loc": { "start": { "line": 55, "column": 6 }, "end": { "line": 74, "column": 7 } },
        "type": "if",
        "locations": [
          { "start": { "line": 55, "column": 6 }, "end": { "line": 74, "column": 7 } },
          { "start": { "line": 72, "column": 13 }, "end": { "line": 74, "column": 7 } }
        ]
      },
      "2": {
        "loc": { "start": { "line": 82, "column": 13 }, "end": { "line": 82, "column": 67 } },
        "type": "cond-expr",
        "locations": [
          { "start": { "line": 82, "column": 38 }, "end": { "line": 82, "column": 51 } },
          { "start": { "line": 82, "column": 54 }, "end": { "line": 82, "column": 67 } }
        ]
      },
      "3": {
        "loc": { "start": { "line": 83, "column": 13 }, "end": { "line": 83, "column": 61 } },
        "type": "cond-expr",
        "locations": [
          { "start": { "line": 83, "column": 38 }, "end": { "line": 83, "column": 49 } },
          { "start": { "line": 83, "column": 52 }, "end": { "line": 83, "column": 61 } }
        ]
      },
      "4": {
        "loc": { "start": { "line": 98, "column": 2 }, "end": { "line": 102, "column": 3 } },
        "type": "if",
        "locations": [
          { "start": { "line": 98, "column": 2 }, "end": { "line": 102, "column": 3 } },
          { "start": {}, "end": {} }
        ]
      },
      "5": {
        "loc": { "start": { "line": 140, "column": 4 }, "end": { "line": 146, "column": 5 } },
        "type": "if",
        "locations": [
          { "start": { "line": 140, "column": 4 }, "end": { "line": 146, "column": 5 } },
          { "start": {}, "end": {} }
        ]
      },
      "6": {
        "loc": { "start": { "line": 142, "column": 6 }, "end": { "line": 145, "column": 7 } },
        "type": "if",
        "locations": [
          { "start": { "line": 142, "column": 6 }, "end": { "line": 145, "column": 7 } },
          { "start": {}, "end": {} }
        ]
      },
      "7": {
        "loc": { "start": { "line": 160, "column": 13 }, "end": { "line": 160, "column": 67 } },
        "type": "cond-expr",
        "locations": [
          { "start": { "line": 160, "column": 38 }, "end": { "line": 160, "column": 51 } },
          { "start": { "line": 160, "column": 54 }, "end": { "line": 160, "column": 67 } }
        ]
      },
      "8": {
        "loc": { "start": { "line": 170, "column": 2 }, "end": { "line": 172, "column": 3 } },
        "type": "if",
        "locations": [
          { "start": { "line": 170, "column": 2 }, "end": { "line": 172, "column": 3 } },
          { "start": {}, "end": {} }
        ]
      },
      "9": {
        "loc": { "start": { "line": 174, "column": 2 }, "end": { "line": 176, "column": 3 } },
        "type": "if",
        "locations": [
          { "start": { "line": 174, "column": 2 }, "end": { "line": 176, "column": 3 } },
          { "start": {}, "end": {} }
        ]
      },
      "10": {
        "loc": { "start": { "line": 187, "column": 4 }, "end": { "line": 189, "column": 5 } },
        "type": "if",
        "locations": [
          { "start": { "line": 187, "column": 4 }, "end": { "line": 189, "column": 5 } },
          { "start": {}, "end": {} }
        ]
      },
      "11": {
        "loc": { "start": { "line": 205, "column": 18 }, "end": { "line": 205, "column": 75 } },
        "type": "cond-expr",
        "locations": [
          { "start": { "line": 205, "column": 30 }, "end": { "line": 205, "column": 71 } },
          { "start": { "line": 205, "column": 74 }, "end": { "line": 205, "column": 75 } }
        ]
      },
      "12": {
        "loc": { "start": { "line": 236, "column": 6 }, "end": { "line": 243, "column": 7 } },
        "type": "if",
        "locations": [
          { "start": { "line": 236, "column": 6 }, "end": { "line": 243, "column": 7 } },
          { "start": {}, "end": {} }
        ]
      },
      "13": {
        "loc": { "start": { "line": 238, "column": 8 }, "end": { "line": 242, "column": 9 } },
        "type": "if",
        "locations": [
          { "start": { "line": 238, "column": 8 }, "end": { "line": 242, "column": 9 } },
          { "start": {}, "end": {} }
        ]
      },
      "14": {
        "loc": { "start": { "line": 261, "column": 15 }, "end": { "line": 261, "column": 69 } },
        "type": "cond-expr",
        "locations": [
          { "start": { "line": 261, "column": 40 }, "end": { "line": 261, "column": 53 } },
          { "start": { "line": 261, "column": 56 }, "end": { "line": 261, "column": 69 } }
        ]
      }
    },
    "s": {
      "0": 0,
      "1": 0,
      "2": 0,
      "3": 0,
      "4": 0,
      "5": 0,
      "6": 0,
      "7": 0,
      "8": 0,
      "9": 0,
      "10": 0,
      "11": 0,
      "12": 0,
      "13": 0,
      "14": 0,
      "15": 0,
      "16": 0,
      "17": 0,
      "18": 0,
      "19": 0,
      "20": 0,
      "21": 0,
      "22": 0,
      "23": 0,
      "24": 0,
      "25": 0,
      "26": 0,
      "27": 0,
      "28": 0,
      "29": 0,
      "30": 0,
      "31": 0,
      "32": 0,
      "33": 0,
      "34": 0,
      "35": 0,
      "36": 0,
      "37": 0,
      "38": 0,
      "39": 0,
      "40": 0,
      "41": 0,
      "42": 0,
      "43": 0,
      "44": 0,
      "45": 0,
      "46": 0,
      "47": 0,
      "48": 0,
      "49": 0,
      "50": 0,
      "51": 0,
      "52": 0,
      "53": 0,
      "54": 0,
      "55": 0,
      "56": 0,
      "57": 0,
      "58": 0,
      "59": 0,
      "60": 0,
      "61": 0,
      "62": 0,
      "63": 0,
      "64": 0,
      "65": 0,
      "66": 0,
      "67": 0,
      "68": 0,
      "69": 0,
      "70": 0,
      "71": 0,
      "72": 0,
      "73": 0,
      "74": 0,
      "75": 0,
      "76": 0,
      "77": 0,
      "78": 0,
      "79": 0,
      "80": 0,
      "81": 0,
      "82": 0,
      "83": 0,
      "84": 0,
      "85": 0,
      "86": 0,
      "87": 0,
      "88": 0,
      "89": 0,
      "90": 0,
      "91": 0,
      "92": 0,
      "93": 0,
      "94": 0,
      "95": 0,
      "96": 0,
      "97": 0,
      "98": 0,
      "99": 0,
      "100": 0,
      "101": 0,
      "102": 0,
      "103": 0,
      "104": 0
    },
    "f": { "0": 0, "1": 0, "2": 0, "3": 0, "4": 0, "5": 0, "6": 0, "7": 0, "8": 0, "9": 0 },
    "b": {
      "0": [0, 0],
      "1": [0, 0],
      "2": [0, 0],
      "3": [0, 0],
      "4": [0, 0],
      "5": [0, 0],
      "6": [0, 0],
      "7": [0, 0],
      "8": [0, 0],
      "9": [0, 0],
      "10": [0, 0],
      "11": [0, 0],
      "12": [0, 0],
      "13": [0, 0],
      "14": [0, 0]
    }
  },
  "/workspaces/PatchPath-AI/lib/vision/rack-analyzer.ts": {
    "path": "/workspaces/PatchPath-AI/lib/vision/rack-analyzer.ts",
    "statementMap": {
      "0": { "start": { "line": 39, "column": 0 }, "end": { "line": 39, "column": 7 } },
      "1": { "start": { "line": 156, "column": 0 }, "end": { "line": 156, "column": 16 } },
      "2": { "start": { "line": 163, "column": 0 }, "end": { "line": 163, "column": 16 } },
      "3": { "start": { "line": 6, "column": 0 }, "end": { "line": 6, "column": 42 } },
      "4": { "start": { "line": 7, "column": 0 }, "end": { "line": 7, "column": 34 } },
      "5": { "start": { "line": 9, "column": 18 }, "end": { "line": 11, "column": 2 } },
      "6": { "start": { "line": 45, "column": 22 }, "end": { "line": 47, "column": 15 } },
      "7": { "start": { "line": 49, "column": 23 }, "end": { "line": 91, "column": 3 } },
      "8": { "start": { "line": 93, "column": 2 }, "end": { "line": 96, "column": 5 } },
      "9": { "start": { "line": 98, "column": 18 }, "end": { "line": 121, "column": 4 } },
      "10": { "start": { "line": 124, "column": 23 }, "end": { "line": 124, "column": 88 } },
      "11": { "start": { "line": 127, "column": 17 }, "end": { "line": 127, "column": 29 } },
      "12": { "start": { "line": 130, "column": 20 }, "end": { "line": 130, "column": 66 } },
      "13": { "start": { "line": 131, "column": 2 }, "end": { "line": 139, "column": 3 } },
      "14": { "start": { "line": 132, "column": 4 }, "end": { "line": 132, "column": 28 } },
      "15": { "start": { "line": 135, "column": 24 }, "end": { "line": 135, "column": 57 } },
      "16": { "start": { "line": 136, "column": 4 }, "end": { "line": 138, "column": 5 } },
      "17": { "start": { "line": 137, "column": 6 }, "end": { "line": 137, "column": 32 } },
      "18": { "start": { "line": 141, "column": 39 }, "end": { "line": 141, "column": 59 } },
      "19": { "start": { "line": 143, "column": 2 }, "end": { "line": 148, "column": 5 } },
      "20": { "start": { "line": 150, "column": 2 }, "end": { "line": 150, "column": 18 } },
      "21": { "start": { "line": 157, "column": 2 }, "end": { "line": 157, "column": 41 } },
      "22": { "start": { "line": 164, "column": 2 }, "end": { "line": 172, "column": 4 } }
    },
    "fnMap": {
      "0": {
        "name": "analyzeRackImage",
        "decl": { "start": { "line": 39, "column": 22 }, "end": { "line": 39, "column": 38 } },
        "loc": { "start": { "line": 41, "column": 69 }, "end": { "line": 151, "column": 1 } }
      },
      "1": {
        "name": "isVisionConfigured",
        "decl": { "start": { "line": 156, "column": 16 }, "end": { "line": 156, "column": 34 } },
        "loc": { "start": { "line": 156, "column": 34 }, "end": { "line": 158, "column": 1 } }
      },
      "2": {
        "name": "getVisionModelInfo",
        "decl": { "start": { "line": 163, "column": 16 }, "end": { "line": 163, "column": 34 } },
        "loc": { "start": { "line": 163, "column": 34 }, "end": { "line": 173, "column": 1 } }
      }
    },
    "branchMap": {
      "0": {
        "loc": { "start": { "line": 10, "column": 10 }, "end": { "line": 10, "column": 45 } },
        "type": "binary-expr",
        "locations": [
          { "start": { "line": 10, "column": 10 }, "end": { "line": 10, "column": 39 } },
          { "start": { "line": 10, "column": 43 }, "end": { "line": 10, "column": 45 } }
        ]
      },
      "1": {
        "loc": { "start": { "line": 41, "column": 2 }, "end": { "line": 41, "column": 69 } },
        "type": "default-arg",
        "locations": [
          { "start": { "line": 41, "column": 57 }, "end": { "line": 41, "column": 69 } }
        ]
      },
      "2": {
        "loc": { "start": { "line": 45, "column": 22 }, "end": { "line": 47, "column": 15 } },
        "type": "cond-expr",
        "locations": [
          { "start": { "line": 46, "column": 6 }, "end": { "line": 46, "column": 34 } },
          { "start": { "line": 47, "column": 6 }, "end": { "line": 47, "column": 15 } }
        ]
      },
      "3": {
        "loc": { "start": { "line": 95, "column": 15 }, "end": { "line": 95, "column": 79 } },
        "type": "cond-expr",
        "locations": [
          { "start": { "line": 95, "column": 44 }, "end": { "line": 95, "column": 60 } },
          { "start": { "line": 95, "column": 63 }, "end": { "line": 95, "column": 79 } }
        ]
      },
      "4": {
        "loc": { "start": { "line": 124, "column": 23 }, "end": { "line": 124, "column": 88 } },
        "type": "cond-expr",
        "locations": [
          { "start": { "line": 124, "column": 60 }, "end": { "line": 124, "column": 83 } },
          { "start": { "line": 124, "column": 86 }, "end": { "line": 124, "column": 88 } }
        ]
      },
      "5": {
        "loc": { "start": { "line": 131, "column": 2 }, "end": { "line": 139, "column": 3 } },
        "type": "if",
        "locations": [
          { "start": { "line": 131, "column": 2 }, "end": { "line": 139, "column": 3 } },
          { "start": { "line": 133, "column": 9 }, "end": { "line": 139, "column": 3 } }
        ]
      },
      "6": {
        "loc": { "start": { "line": 136, "column": 4 }, "end": { "line": 138, "column": 5 } },
        "type": "if",
        "locations": [
          { "start": { "line": 136, "column": 4 }, "end": { "line": 138, "column": 5 } },
          { "start": {}, "end": {} }
        ]
      }
    },
    "s": {
      "0": 0,
      "1": 0,
      "2": 0,
      "3": 0,
      "4": 0,
      "5": 0,
      "6": 0,
      "7": 0,
      "8": 0,
      "9": 0,
      "10": 0,
      "11": 0,
      "12": 0,
      "13": 0,
      "14": 0,
      "15": 0,
      "16": 0,
      "17": 0,
      "18": 0,
      "19": 0,
      "20": 0,
      "21": 0,
      "22": 0
    },
    "f": { "0": 0, "1": 0, "2": 0 },
    "b": { "0": [0, 0], "1": [0], "2": [0, 0], "3": [0, 0], "4": [0, 0], "5": [0, 0], "6": [0, 0] }
  }
}
