TN:
SF:app/layout.tsx
FN:21,RootLayout
FNF:1
FNH:0
FNDA:0,RootLayout
DA:2,0
DA:3,0
DA:4,0
DA:6,0
DA:11,0
DA:16,0
DA:21,0
DA:26,0
LF:8
LH:0
BRF:0
BRH:0
end_of_record
TN:
SF:app/page.tsx
FN:3,Home
FNF:1
FNH:0
FNDA:0,Home
DA:1,0
DA:3,0
DA:4,0
LF:3
LH:0
BRF:0
BRH:0
end_of_record
TN:
SF:app/(auth)/sign-in/[[...sign-in]]/page.tsx
FN:3,SignInPage
FNF:1
FNH:0
FNDA:0,SignInPage
DA:1,0
DA:3,0
DA:4,0
LF:3
LH:0
BRF:0
BRH:0
end_of_record
TN:
SF:app/(auth)/sign-up/[[...sign-up]]/page.tsx
FN:3,SignUpPage
FNF:1
FNH:0
FNDA:0,SignUpPage
DA:1,0
DA:3,0
DA:4,0
LF:3
LH:0
BRF:0
BRH:0
end_of_record
TN:
SF:app/(dashboard)/dashboard/page.tsx
FN:6,DashboardPage
FNF:1
FNH:0
FNDA:0,DashboardPage
DA:1,0
DA:2,0
DA:3,0
DA:4,0
DA:6,0
DA:7,0
DA:9,0
DA:10,0
DA:13,0
LF:9
LH:0
BRDA:9,0,0,0
BRDA:9,0,1,0
BRDA:39,1,0,0
BRDA:39,1,1,0
BRF:4
BRH:0
end_of_record
TN:
SF:app/api/patches/generate/route.ts
FN:15,POST
FN:143,OPTIONS
FNF:2
FNH:0
FNDA:0,POST
FNDA:0,OPTIONS
DA:6,0
DA:7,0
DA:8,0
DA:9,0
DA:10,0
DA:11,0
DA:12,0
DA:13,0
DA:15,0
DA:16,0
DA:18,0
DA:19,0
DA:20,0
DA:24,0
DA:25,0
DA:35,0
DA:36,0
DA:38,0
DA:39,0
DA:42,0
DA:43,0
DA:49,0
DA:51,0
DA:62,0
DA:63,0
DA:64,0
DA:65,0
DA:68,0
DA:69,0
DA:76,0
DA:79,0
DA:80,0
DA:81,0
DA:82,0
DA:86,0
DA:87,0
DA:88,0
DA:93,0
DA:101,0
DA:102,0
DA:112,0
DA:123,0
DA:124,0
DA:126,0
DA:131,0
DA:143,0
DA:144,0
LF:47
LH:0
BRDA:19,0,0,0
BRDA:19,0,1,0
BRDA:24,1,0,0
BRDA:24,1,1,0
BRDA:38,2,0,0
BRDA:38,2,1,0
BRDA:42,3,0,0
BRDA:42,3,1,0
BRDA:80,4,0,0
BRDA:80,4,1,0
BRDA:96,5,0,0
BRDA:96,5,1,0
BRDA:115,6,0,0
BRDA:115,6,1,0
BRDA:123,7,0,0
BRDA:123,7,1,0
BRDA:124,8,0,0
BRDA:124,8,1,0
BRDA:135,9,0,0
BRDA:135,9,1,0
BRF:20
BRH:0
end_of_record
TN:
SF:app/api/racks/analyze/route.ts
FN:13,POST
FN:102,OPTIONS
FNF:2
FNH:0
FNDA:0,POST
FNDA:0,OPTIONS
DA:6,0
DA:7,0
DA:8,0
DA:9,0
DA:10,0
DA:11,0
DA:13,0
DA:14,0
DA:16,0
DA:17,0
DA:18,0
DA:22,0
DA:23,0
DA:25,0
DA:26,0
DA:30,0
DA:31,0
DA:40,0
DA:43,0
DA:46,0
DA:47,0
DA:48,0
DA:51,0
DA:52,0
DA:53,0
DA:58,0
DA:67,0
DA:83,0
DA:84,0
DA:86,0
DA:91,0
DA:102,0
DA:103,0
LF:33
LH:0
BRDA:17,0,0,0
BRDA:17,0,1,0
BRDA:25,1,0,0
BRDA:25,1,1,0
BRDA:30,2,0,0
BRDA:30,2,1,0
BRDA:61,3,0,0
BRDA:61,3,1,0
BRDA:83,4,0,0
BRDA:83,4,1,0
BRDA:84,5,0,0
BRDA:84,5,1,0
BRF:12
BRH:0
end_of_record
TN:
SF:app/api/racks/random/route.ts
FN:10,GET
FN:27,(anonymous_2)
FN:39,(anonymous_3)
FN:74,OPTIONS
FNF:4
FNH:0
FNDA:0,GET
FNDA:0,(anonymous_2)
FNDA:0,(anonymous_3)
FNDA:0,OPTIONS
DA:6,0
DA:7,0
DA:8,0
DA:10,0
DA:11,0
DA:13,0
DA:14,0
DA:19,0
DA:21,0
DA:23,0
DA:27,0
DA:31,0
DA:39,0
DA:50,0
DA:52,0
DA:58,0
DA:74,0
DA:75,0
LF:18
LH:0
BRDA:16,0,0,0
BRDA:16,0,1,0
BRDA:27,1,0,0
BRDA:27,1,1,0
BRDA:53,2,0,0
BRDA:53,2,1,0
BRDA:54,3,0,0
BRDA:54,3,1,0
BRDA:62,4,0,0
BRDA:62,4,1,0
BRF:10
BRH:0
end_of_record
TN:
SF:app/api/test-patch-generation/route.ts
FN:13,GET
FNF:1
FNH:0
FNDA:0,GET
DA:6,0
DA:7,0
DA:8,0
DA:9,0
DA:10,0
DA:11,0
DA:13,0
DA:15,0
DA:16,0
DA:22,0
DA:24,0
DA:25,0
DA:35,0
DA:36,0
DA:37,0
DA:38,0
DA:39,0
DA:40,0
DA:42,0
DA:52,0
DA:53,0
DA:54,0
DA:56,0
DA:58,0
DA:59,0
DA:62,0
DA:63,0
DA:67,0
DA:69,0
DA:95,0
DA:96,0
DA:98,0
DA:103,0
LF:33
LH:0
BRDA:15,0,0,0
BRDA:15,0,1,0
BRDA:24,1,0,0
BRDA:24,1,1,0
BRDA:37,2,0,0
BRDA:37,2,1,0
BRDA:38,3,0,0
BRDA:38,3,1,0
BRDA:39,4,0,0
BRDA:39,4,1,0
BRDA:40,5,0,0
BRDA:40,5,1,0
BRDA:43,6,0,0
BRDA:43,6,1,0
BRDA:52,7,0,0
BRDA:52,7,1,0
BRDA:52,8,0,0
BRDA:52,8,1,0
BRDA:52,8,2,0
BRDA:95,9,0,0
BRDA:95,9,1,0
BRDA:96,10,0,0
BRDA:96,10,1,0
BRDA:107,11,0,0
BRDA:107,11,1,0
BRF:25
BRH:0
end_of_record
TN:
SF:app/api/test-scraper/route.ts
FN:11,GET
FNF:1
FNH:0
FNDA:0,GET
DA:6,0
DA:7,0
DA:8,0
DA:9,0
DA:11,0
DA:13,0
DA:14,0
DA:20,0
DA:21,0
DA:22,0
DA:24,0
DA:25,0
DA:34,0
DA:37,0
DA:38,0
DA:39,0
DA:40,0
DA:42,0
DA:58,0
DA:59,0
DA:61,0
DA:66,0
LF:22
LH:0
BRDA:13,0,0,0
BRDA:13,0,1,0
BRDA:24,1,0,0
BRDA:24,1,1,0
BRDA:58,2,0,0
BRDA:58,2,1,0
BRDA:59,3,0,0
BRDA:59,3,1,0
BRDA:70,4,0,0
BRDA:70,4,1,0
BRF:10
BRH:0
end_of_record
TN:
SF:app/api/vision/analyze-and-enrich/route.ts
FN:22,POST
FNF:1
FNH:0
FNDA:0,POST
DA:12,0
DA:13,0
DA:18,0
DA:19,0
DA:20,0
DA:22,0
DA:23,0
DA:25,0
DA:26,0
DA:37,0
DA:38,0
DA:40,0
DA:41,0
DA:51,0
DA:58,0
DA:59,0
DA:62,0
DA:63,0
DA:64,0
DA:67,0
DA:68,0
DA:69,0
DA:71,0
DA:78,0
DA:79,0
DA:80,0
DA:82,0
DA:83,0
DA:85,0
DA:86,0
DA:87,0
DA:89,0
DA:91,0
DA:97,0
DA:98,0
DA:102,0
DA:103,0
DA:104,0
DA:106,0
DA:140,0
DA:141,0
DA:143,0
DA:148,0
DA:159,0
LF:44
LH:0
BRDA:25,0,0,0
BRDA:25,0,1,0
BRDA:40,1,0,0
BRDA:40,1,1,0
BRDA:63,2,0,0
BRDA:63,2,1,0
BRDA:64,3,0,0
BRDA:64,3,1,0
BRDA:82,4,0,0
BRDA:82,4,1,0
BRDA:82,5,0,0
BRDA:82,5,1,0
BRDA:97,6,0,0
BRDA:97,6,1,0
BRDA:103,7,0,0
BRDA:103,7,1,0
BRDA:110,8,0,0
BRDA:110,8,1,0
BRDA:119,9,0,0
BRDA:119,9,1,0
BRDA:124,10,0,0
BRDA:124,10,1,0
BRDA:132,11,0,0
BRDA:132,11,1,0
BRDA:133,12,0,0
BRDA:133,12,1,0
BRDA:134,13,0,0
BRDA:134,13,1,0
BRDA:140,14,0,0
BRDA:140,14,1,0
BRDA:141,15,0,0
BRDA:141,15,1,0
BRDA:152,16,0,0
BRDA:152,16,1,0
BRF:34
BRH:0
end_of_record
TN:
SF:app/api/vision/analyze-rack/route.ts
FN:16,POST
FN:83,(anonymous_2)
FN:108,(anonymous_3)
FN:110,(anonymous_4)
FN:112,(anonymous_5)
FNF:5
FNH:0
FNDA:0,POST
FNDA:0,(anonymous_2)
FNDA:0,(anonymous_3)
FNDA:0,(anonymous_4)
FNDA:0,(anonymous_5)
DA:7,0
DA:8,0
DA:13,0
DA:14,0
DA:16,0
DA:17,0
DA:19,0
DA:20,0
DA:31,0
DA:32,0
DA:33,0
DA:35,0
DA:36,0
DA:46,0
DA:54,0
DA:55,0
DA:58,0
DA:59,0
DA:60,0
DA:63,0
DA:64,0
DA:65,0
DA:67,0
DA:73,0
DA:74,0
DA:76,0
DA:77,0
DA:81,0
DA:82,0
DA:83,0
DA:88,0
DA:90,0
DA:96,0
DA:108,0
DA:110,0
DA:112,0
DA:117,0
DA:118,0
DA:120,0
DA:125,0
DA:137,0
LF:41
LH:0
BRDA:19,0,0,0
BRDA:19,0,1,0
BRDA:35,1,0,0
BRDA:35,1,1,0
BRDA:59,2,0,0
BRDA:59,2,1,0
BRDA:60,3,0,0
BRDA:60,3,1,0
BRDA:76,4,0,0
BRDA:76,4,1,0
BRDA:76,5,0,0
BRDA:76,5,1,0
BRDA:91,6,0,0
BRDA:91,6,1,0
BRDA:100,7,0,0
BRDA:100,7,1,0
BRDA:110,8,0,0
BRDA:110,8,1,0
BRDA:113,9,0,0
BRDA:113,9,1,0
BRDA:113,10,0,0
BRDA:113,10,1,0
BRDA:117,11,0,0
BRDA:117,11,1,0
BRDA:118,12,0,0
BRDA:118,12,1,0
BRDA:129,13,0,0
BRDA:129,13,1,0
BRF:28
BRH:0
end_of_record
TN:
SF:lib/logger.ts
FN:28,(anonymous_1)
FN:69,(anonymous_2)
FN:81,(anonymous_3)
FN:95,(anonymous_4)
FN:107,(anonymous_5)
FN:114,(anonymous_6)
FN:121,(anonymous_7)
FNF:7
FNH:0
FNDA:0,(anonymous_1)
FNDA:0,(anonymous_2)
FNDA:0,(anonymous_3)
FNDA:0,(anonymous_4)
FNDA:0,(anonymous_5)
FNDA:0,(anonymous_6)
FNDA:0,(anonymous_7)
DA:1,0
DA:4,0
DA:13,0
DA:22,0
DA:25,0
DA:29,0
DA:30,0
DA:31,0
DA:36,0
DA:44,0
DA:45,0
DA:61,0
DA:69,0
DA:74,0
DA:81,0
DA:87,0
DA:95,0
DA:100,0
DA:107,0
DA:108,0
DA:114,0
DA:115,0
DA:121,0
DA:122,0
DA:123,0
DA:129,0
DA:136,0
LF:27
LH:0
BRDA:30,0,0,0
BRDA:30,0,1,0
BRDA:44,1,0,0
BRDA:44,1,1,0
BRDA:62,2,0,0
BRDA:62,2,1,0
BRDA:62,3,0,0
BRDA:62,3,1,0
BRDA:122,4,0,0
BRDA:122,4,1,0
BRF:10
BRH:0
end_of_record
TN:
SF:lib/utils.ts
FN:4,cn
FNF:1
FNH:1
FNDA:28,cn
DA:1,1
DA:2,1
DA:4,1
DA:5,28
LF:4
LH:4
BRF:0
BRH:0
end_of_record
TN:
SF:lib/ai/claude.ts
FN:23,buildSystemPrompt
FN:73,buildUserPrompt
FN:83,(anonymous_3)
FN:120,(anonymous_4)
FN:131,generatePatch
FN:212,(anonymous_6)
FN:271,generatePatchVariations
FN:295,(anonymous_8)
FN:299,(anonymous_9)
FN:349,(anonymous_10)
FN:403,isClaudeConfigured
FN:410,getModelInfo
FNF:12
FNH:0
FNDA:0,buildSystemPrompt
FNDA:0,buildUserPrompt
FNDA:0,(anonymous_3)
FNDA:0,(anonymous_4)
FNDA:0,generatePatch
FNDA:0,(anonymous_6)
FNDA:0,generatePatchVariations
FNDA:0,(anonymous_8)
FNDA:0,(anonymous_9)
FNDA:0,(anonymous_10)
FNDA:0,isClaudeConfigured
FNDA:0,getModelInfo
DA:6,0
DA:7,0
DA:8,0
DA:9,0
DA:12,0
DA:17,0
DA:18,0
DA:24,0
DA:82,0
DA:83,0
DA:87,0
DA:100,0
DA:110,0
DA:111,0
DA:114,0
DA:115,0
DA:118,0
DA:119,0
DA:120,0
DA:123,0
DA:125,0
DA:131,0
DA:142,0
DA:143,0
DA:145,0
DA:154,0
DA:155,0
DA:165,0
DA:178,0
DA:179,0
DA:181,0
DA:188,0
DA:189,0
DA:190,0
DA:191,0
DA:194,0
DA:197,0
DA:218,0
DA:237,0
DA:239,0
DA:248,0
DA:250,0
DA:251,0
DA:253,0
DA:258,0
DA:259,0
DA:264,0
DA:271,0
DA:277,0
DA:278,0
DA:280,0
DA:286,0
DA:288,0
DA:295,0
DA:299,0
DA:308,0
DA:320,0
DA:323,0
DA:324,0
DA:325,0
DA:326,0
DA:329,0
DA:330,0
DA:332,0
DA:333,0
DA:355,0
DA:374,0
DA:377,0
DA:379,0
DA:385,0
DA:387,0
DA:388,0
DA:390,0
DA:396,0
DA:403,0
DA:404,0
DA:410,0
DA:411,0
LF:78
LH:0
BRDA:13,0,0,0
BRDA:13,0,1,0
BRDA:89,1,0,0
BRDA:89,1,1,0
BRDA:90,2,0,0
BRDA:90,2,1,0
BRDA:91,3,0,0
BRDA:91,3,1,0
BRDA:92,4,0,0
BRDA:92,4,1,0
BRDA:93,5,0,0
BRDA:93,5,1,0
BRDA:94,6,0,0
BRDA:94,6,1,0
BRDA:95,7,0,0
BRDA:95,7,1,0
BRDA:110,8,0,0
BRDA:110,8,1,0
BRDA:114,9,0,0
BRDA:114,9,1,0
BRDA:118,10,0,0
BRDA:118,10,1,0
BRDA:178,11,0,0
BRDA:178,11,1,0
BRDA:190,12,0,0
BRDA:190,12,1,0
BRDA:250,13,0,0
BRDA:250,13,1,0
BRDA:251,14,0,0
BRDA:251,14,1,0
BRDA:258,15,0,0
BRDA:258,15,1,0
BRDA:275,16,0,0
BRDA:320,17,0,0
BRDA:320,17,1,0
BRDA:325,18,0,0
BRDA:325,18,1,0
BRDA:387,19,0,0
BRDA:387,19,1,0
BRDA:388,20,0,0
BRDA:388,20,1,0
BRDA:404,21,0,0
BRDA:404,21,1,0
BRF:43
BRH:0
end_of_record
TN:
SF:lib/database/cosmos.ts
FN:16,getCosmosClient
FN:42,getDatabase
FN:53,getContainer
FN:65,getModulesContainer
FN:69,getRacksContainer
FN:73,getPatchesContainer
FN:77,getEnrichmentsContainer
FN:81,getUsersContainer
FN:88,isCosmosConfigured
FN:95,healthCheck
FNF:10
FNH:0
FNDA:0,getCosmosClient
FNDA:0,getDatabase
FNDA:0,getContainer
FNDA:0,getModulesContainer
FNDA:0,getRacksContainer
FNDA:0,getPatchesContainer
FNDA:0,getEnrichmentsContainer
FNDA:0,getUsersContainer
FNDA:0,isCosmosConfigured
FNDA:0,healthCheck
DA:5,0
DA:6,0
DA:9,0
DA:10,0
DA:11,0
DA:14,0
DA:17,0
DA:18,0
DA:19,0
DA:20,0
DA:21,0
DA:23,0
DA:26,0
DA:30,0
DA:31,0
DA:42,0
DA:43,0
DA:44,0
DA:47,0
DA:53,0
DA:54,0
DA:55,0
DA:59,0
DA:65,0
DA:66,0
DA:69,0
DA:70,0
DA:73,0
DA:74,0
DA:77,0
DA:78,0
DA:81,0
DA:82,0
DA:88,0
DA:89,0
DA:95,0
DA:96,0
DA:97,0
DA:98,0
DA:99,0
DA:100,0
DA:102,0
DA:104,0
DA:108,0
LF:44
LH:0
BRDA:9,0,0,0
BRDA:9,0,1,0
BRDA:10,1,0,0
BRDA:10,1,1,0
BRDA:11,2,0,0
BRDA:11,2,1,0
BRDA:17,3,0,0
BRDA:17,3,1,0
BRDA:18,4,0,0
BRDA:18,4,1,0
BRDA:20,5,0,0
BRDA:20,5,1,0
BRDA:20,6,0,0
BRDA:20,6,1,0
BRDA:89,7,0,0
BRDA:89,7,1,0
BRDA:89,7,2,0
BRDA:97,8,0,0
BRDA:97,8,1,0
BRDA:102,9,0,0
BRDA:102,9,1,0
BRF:21
BRH:0
end_of_record
TN:
SF:lib/database/module-service.ts
FN:24,generateModuleId
FN:43,upsertModule
FN:83,findModule
FN:108,searchModules
FN:137,getPopularModules
FN:156,incrementModuleUsage
FN:182,batchUpsertModules
FN:199,(anonymous_7)
FN:204,(anonymous_8)
FN:213,getModuleStats
FN:269,verifyModule
FNF:11
FNH:0
FNDA:0,generateModuleId
FNDA:0,upsertModule
FNDA:0,findModule
FNDA:0,searchModules
FNDA:0,getPopularModules
FNDA:0,incrementModuleUsage
FNDA:0,batchUpsertModules
FNDA:0,(anonymous_7)
FNDA:0,(anonymous_8)
FNDA:0,getModuleStats
FNDA:0,verifyModule
DA:6,0
DA:7,0
DA:25,0
DA:31,0
DA:37,0
DA:43,0
DA:48,0
DA:49,0
DA:52,0
DA:54,0
DA:55,0
DA:58,0
DA:60,0
DA:71,0
DA:73,0
DA:74,0
DA:77,0
DA:83,0
DA:87,0
DA:88,0
DA:91,0
DA:92,0
DA:94,0
DA:95,0
DA:96,0
DA:98,0
DA:99,0
DA:101,0
DA:108,0
DA:112,0
DA:113,0
DA:116,0
DA:118,0
DA:130,0
DA:131,0
DA:137,0
DA:138,0
DA:139,0
DA:142,0
DA:144,0
DA:149,0
DA:150,0
DA:156,0
DA:157,0
DA:158,0
DA:161,0
DA:163,0
DA:164,0
DA:167,0
DA:168,0
DA:169,0
DA:170,0
DA:173,0
DA:174,0
DA:182,0
DA:186,0
DA:187,0
DA:190,0
DA:193,0
DA:194,0
DA:195,0
DA:198,0
DA:199,0
DA:200,0
DA:201,0
DA:204,0
DA:207,0
DA:213,0
DA:220,0
DA:221,0
DA:230,0
DA:232,0
DA:236,0
DA:244,0
DA:246,0
DA:248,0
DA:252,0
DA:255,0
DA:258,0
DA:261,0
DA:263,0
DA:269,0
DA:274,0
DA:275,0
DA:278,0
DA:280,0
DA:281,0
DA:284,0
DA:285,0
DA:286,0
DA:287,0
DA:288,0
DA:289,0
DA:291,0
DA:294,0
DA:296,0
DA:298,0
DA:300,0
DA:301,0
DA:303,0
LF:100
LH:0
BRDA:45,0,0,0
BRDA:46,1,0,0
BRDA:48,2,0,0
BRDA:48,2,1,0
BRDA:73,3,0,0
BRDA:73,3,1,0
BRDA:87,4,0,0
BRDA:87,4,1,0
BRDA:96,5,0,0
BRDA:96,5,1,0
BRDA:98,6,0,0
BRDA:98,6,1,0
BRDA:98,7,0,0
BRDA:98,7,1,0
BRDA:98,7,2,0
BRDA:98,7,3,0
BRDA:112,8,0,0
BRDA:112,8,1,0
BRDA:119,9,0,0
BRDA:119,9,1,0
BRDA:122,10,0,0
BRDA:122,10,1,0
BRDA:137,11,0,0
BRDA:138,12,0,0
BRDA:138,12,1,0
BRDA:157,13,0,0
BRDA:157,13,1,0
BRDA:167,14,0,0
BRDA:167,14,1,0
BRDA:168,15,0,0
BRDA:168,15,1,0
BRDA:173,16,0,0
BRDA:173,16,1,0
BRDA:173,17,0,0
BRDA:173,17,1,0
BRDA:173,17,2,0
BRDA:173,17,3,0
BRDA:184,18,0,0
BRDA:186,19,0,0
BRDA:186,19,1,0
BRDA:220,20,0,0
BRDA:220,20,1,0
BRDA:249,21,0,0
BRDA:249,21,1,0
BRDA:252,22,0,0
BRDA:252,22,1,0
BRDA:255,23,0,0
BRDA:255,23,1,0
BRDA:258,24,0,0
BRDA:258,24,1,0
BRDA:261,25,0,0
BRDA:261,25,1,0
BRDA:274,26,0,0
BRDA:274,26,1,0
BRDA:284,27,0,0
BRDA:284,27,1,0
BRDA:285,28,0,0
BRDA:285,28,1,0
BRDA:286,29,0,0
BRDA:286,29,1,0
BRDA:300,30,0,0
BRDA:300,30,1,0
BRDA:300,31,0,0
BRDA:300,31,1,0
BRDA:300,31,2,0
BRDA:300,31,3,0
BRF:66
BRH:0
end_of_record
TN:
SF:lib/database/patch-service.ts
FN:17,savePatch
FN:56,getPatch
FN:90,listUserPatches
FN:123,(anonymous_4)
FN:136,updatePatch
FN:191,deletePatch
FN:225,toggleFavorite
FN:254,searchPatches
FN:289,(anonymous_9)
FN:303,getPatchesByRack
FN:330,(anonymous_11)
FN:344,updatePatchRating
FN:384,getPatchStatistics
FN:397,(anonymous_14)
FN:398,(anonymous_15)
FN:399,(anonymous_16)
FN:405,(anonymous_17)
FN:406,(anonymous_18)
FN:409,(anonymous_19)
FNF:19
FNH:0
FNDA:0,savePatch
FNDA:0,getPatch
FNDA:0,listUserPatches
FNDA:0,(anonymous_4)
FNDA:0,updatePatch
FNDA:0,deletePatch
FNDA:0,toggleFavorite
FNDA:0,searchPatches
FNDA:0,(anonymous_9)
FNDA:0,getPatchesByRack
FNDA:0,(anonymous_11)
FNDA:0,updatePatchRating
FNDA:0,getPatchStatistics
FNDA:0,(anonymous_14)
FNDA:0,(anonymous_15)
FNDA:0,(anonymous_16)
FNDA:0,(anonymous_17)
FNDA:0,(anonymous_18)
FNDA:0,(anonymous_19)
DA:6,0
DA:7,0
DA:8,0
DA:17,0
DA:18,0
DA:19,0
DA:21,0
DA:28,0
DA:30,0
DA:31,0
DA:34,0
DA:42,0
DA:43,0
DA:45,0
DA:49,0
DA:56,0
DA:57,0
DA:58,0
DA:60,0
DA:62,0
DA:63,0
DA:64,0
DA:67,0
DA:70,0
DA:71,0
DA:73,0
DA:74,0
DA:75,0
DA:78,0
DA:83,0
DA:90,0
DA:94,0
DA:95,0
DA:96,0
DA:98,0
DA:100,0
DA:101,0
DA:104,0
DA:105,0
DA:107,0
DA:114,0
DA:123,0
DA:125,0
DA:129,0
DA:136,0
DA:141,0
DA:142,0
DA:145,0
DA:146,0
DA:147,0
DA:151,0
DA:159,0
DA:164,0
DA:166,0
DA:167,0
DA:170,0
DA:176,0
DA:177,0
DA:179,0
DA:184,0
DA:191,0
DA:196,0
DA:197,0
DA:199,0
DA:201,0
DA:202,0
DA:205,0
DA:209,0
DA:212,0
DA:218,0
DA:225,0
DA:230,0
DA:231,0
DA:233,0
DA:239,0
DA:241,0
DA:247,0
DA:254,0
DA:255,0
DA:256,0
DA:259,0
DA:273,0
DA:283,0
DA:289,0
DA:291,0
DA:296,0
DA:303,0
DA:304,0
DA:305,0
DA:307,0
DA:314,0
DA:324,0
DA:330,0
DA:332,0
DA:337,0
DA:344,0
DA:350,0
DA:351,0
DA:356,0
DA:357,0
DA:360,0
DA:362,0
DA:369,0
DA:371,0
DA:377,0
DA:384,0
DA:392,0
DA:393,0
DA:395,0
DA:397,0
DA:398,0
DA:399,0
DA:405,0
DA:406,0
DA:407,0
DA:409,0
DA:410,0
DA:414,0
DA:416,0
DA:418,0
DA:422,0
LF:121
LH:0
BRDA:24,0,0,0
BRDA:24,0,1,0
BRDA:30,1,0,0
BRDA:30,1,1,0
BRDA:47,2,0,0
BRDA:47,2,1,0
BRDA:62,3,0,0
BRDA:62,3,1,0
BRDA:73,4,0,0
BRDA:73,4,1,0
BRDA:73,5,0,0
BRDA:73,5,1,0
BRDA:73,5,2,0
BRDA:73,5,3,0
BRDA:81,6,0,0
BRDA:81,6,1,0
BRDA:96,7,0,0
BRDA:96,8,0,0
BRDA:96,9,0,0
BRDA:96,10,0,0
BRDA:96,10,1,0
BRDA:100,11,0,0
BRDA:100,11,1,0
BRDA:127,12,0,0
BRDA:127,12,1,0
BRDA:146,13,0,0
BRDA:146,13,1,0
BRDA:166,14,0,0
BRDA:166,14,1,0
BRDA:182,15,0,0
BRDA:182,15,1,0
BRDA:194,16,0,0
BRDA:199,17,0,0
BRDA:199,17,1,0
BRDA:216,18,0,0
BRDA:216,18,1,0
BRDA:245,19,0,0
BRDA:245,19,1,0
BRDA:294,20,0,0
BRDA:294,20,1,0
BRDA:335,21,0,0
BRDA:335,21,1,0
BRDA:356,22,0,0
BRDA:356,22,1,0
BRDA:375,23,0,0
BRDA:375,23,1,0
BRDA:407,24,0,0
BRDA:407,24,1,0
BRDA:410,25,0,0
BRDA:410,25,1,0
BRDA:420,26,0,0
BRDA:420,26,1,0
BRF:52
BRH:0
end_of_record
TN:
SF:lib/database/rack-service.ts
FN:29,saveRack
FN:85,getRack
FN:130,getRackByUrl
FN:143,listRecentRacks
FN:179,listPopularRacks
FN:215,incrementUseCount
FN:247,deleteRack
FN:271,getCacheStatistics
FN:284,(anonymous_9)
FN:288,(anonymous_10)
FN:290,(anonymous_11)
FN:317,cleanupStaleCache
FNF:12
FNH:0
FNDA:0,saveRack
FNDA:0,getRack
FNDA:0,getRackByUrl
FNDA:0,listRecentRacks
FNDA:0,listPopularRacks
FNDA:0,incrementUseCount
FNDA:0,deleteRack
FNDA:0,getCacheStatistics
FNDA:0,(anonymous_9)
FNDA:0,(anonymous_10)
FNDA:0,(anonymous_11)
FNDA:0,cleanupStaleCache
DA:6,0
DA:7,0
DA:8,0
DA:9,0
DA:24,0
DA:29,0
DA:34,0
DA:35,0
DA:38,0
DA:39,0
DA:40,0
DA:44,0
DA:46,0
DA:58,0
DA:60,0
DA:61,0
DA:64,0
DA:72,0
DA:74,0
DA:78,0
DA:85,0
DA:86,0
DA:87,0
DA:89,0
DA:91,0
DA:92,0
DA:93,0
DA:97,0
DA:98,0
DA:99,0
DA:103,0
DA:106,0
DA:112,0
DA:114,0
DA:115,0
DA:116,0
DA:119,0
DA:123,0
DA:130,0
DA:131,0
DA:132,0
DA:133,0
DA:134,0
DA:137,0
DA:143,0
DA:144,0
DA:145,0
DA:147,0
DA:154,0
DA:161,0
DA:166,0
DA:168,0
DA:172,0
DA:179,0
DA:180,0
DA:181,0
DA:183,0
DA:190,0
DA:197,0
DA:202,0
DA:204,0
DA:208,0
DA:215,0
DA:216,0
DA:217,0
DA:219,0
DA:220,0
DA:221,0
DA:222,0
DA:226,0
DA:227,0
DA:229,0
DA:231,0
DA:236,0
DA:247,0
DA:248,0
DA:249,0
DA:251,0
DA:253,0
DA:255,0
DA:256,0
DA:257,0
DA:260,0
DA:264,0
DA:271,0
DA:277,0
DA:278,0
DA:280,0
DA:282,0
DA:284,0
DA:285,0
DA:287,0
DA:288,0
DA:290,0
DA:296,0
DA:303,0
DA:305,0
DA:307,0
DA:310,0
DA:317,0
DA:318,0
DA:319,0
DA:321,0
DA:323,0
DA:325,0
DA:326,0
DA:328,0
DA:329,0
DA:330,0
DA:331,0
DA:332,0
DA:336,0
DA:341,0
DA:343,0
DA:346,0
LF:115
LH:0
BRDA:39,0,0,0
BRDA:39,0,1,0
BRDA:53,1,0,0
BRDA:53,1,1,0
BRDA:54,2,0,0
BRDA:54,2,1,0
BRDA:60,3,0,0
BRDA:60,3,1,0
BRDA:76,4,0,0
BRDA:76,4,1,0
BRDA:91,5,0,0
BRDA:91,5,1,0
BRDA:98,6,0,0
BRDA:98,6,1,0
BRDA:114,7,0,0
BRDA:114,7,1,0
BRDA:114,8,0,0
BRDA:114,8,1,0
BRDA:114,8,2,0
BRDA:114,8,3,0
BRDA:121,9,0,0
BRDA:121,9,1,0
BRDA:132,10,0,0
BRDA:132,10,1,0
BRDA:143,11,0,0
BRDA:170,12,0,0
BRDA:170,12,1,0
BRDA:179,13,0,0
BRDA:206,14,0,0
BRDA:206,14,1,0
BRDA:220,15,0,0
BRDA:220,15,1,0
BRDA:238,16,0,0
BRDA:238,16,1,0
BRDA:255,17,0,0
BRDA:255,17,1,0
BRDA:255,18,0,0
BRDA:255,18,1,0
BRDA:255,18,2,0
BRDA:255,18,3,0
BRDA:262,19,0,0
BRDA:262,19,1,0
BRDA:285,20,0,0
BRDA:285,20,1,0
BRDA:308,21,0,0
BRDA:308,21,1,0
BRDA:330,22,0,0
BRDA:330,22,1,0
BRDA:344,23,0,0
BRDA:344,23,1,0
BRF:50
BRH:0
end_of_record
TN:
SF:lib/modules/enrichment-v2.ts
FN:24,enrichModuleWithCache
FN:99,enrichModulesBatch
FN:119,(anonymous_3)
FN:124,(anonymous_4)
FN:130,(anonymous_5)
FN:150,inferModuleType
FN:191,calculateEnrichmentStats
FN:192,(anonymous_8)
FN:193,(anonymous_9)
FN:194,(anonymous_10)
FNF:10
FNH:0
FNDA:0,enrichModuleWithCache
FNDA:0,enrichModulesBatch
FNDA:0,(anonymous_3)
FNDA:0,(anonymous_4)
FNDA:0,(anonymous_5)
FNDA:0,inferModuleType
FNDA:0,calculateEnrichmentStats
FNDA:0,(anonymous_8)
FNDA:0,(anonymous_9)
FNDA:0,(anonymous_10)
DA:6,0
DA:7,0
DA:8,0
DA:9,0
DA:24,0
DA:25,0
DA:27,0
DA:29,0
DA:31,0
DA:33,0
DA:35,0
DA:47,0
DA:58,0
DA:60,0
DA:68,0
DA:69,0
DA:71,0
DA:79,0
DA:99,0
DA:102,0
DA:104,0
DA:108,0
DA:109,0
DA:110,0
DA:113,0
DA:114,0
DA:115,0
DA:118,0
DA:119,0
DA:120,0
DA:121,0
DA:124,0
DA:125,0
DA:126,0
DA:130,0
DA:133,0
DA:134,0
DA:136,0
DA:144,0
DA:151,0
DA:153,0
DA:169,0
DA:170,0
DA:171,0
DA:172,0
DA:176,0
DA:191,0
DA:192,0
DA:193,0
DA:194,0
DA:199,0
DA:201,0
LF:52
LH:0
BRDA:29,0,0,0
BRDA:29,0,1,0
BRDA:31,1,0,0
BRDA:31,1,1,0
BRDA:49,2,0,0
BRDA:49,2,1,0
BRDA:51,3,0,0
BRDA:51,3,1,0
BRDA:68,4,0,0
BRDA:68,4,1,0
BRDA:69,5,0,0
BRDA:69,5,1,0
BRDA:82,6,0,0
BRDA:82,6,1,0
BRDA:84,7,0,0
BRDA:84,7,1,0
BRDA:125,8,0,0
BRDA:125,8,1,0
BRDA:151,9,0,0
BRDA:151,9,1,0
BRDA:171,10,0,0
BRDA:171,10,1,0
BRDA:194,11,0,0
BRDA:194,11,1,0
BRF:24
BRH:0
end_of_record
TN:
SF:lib/modules/enrichment.ts
FN:24,enrichModuleData
FN:141,(anonymous_2)
FN:147,(anonymous_3)
FN:200,enrichModules
FN:216,(anonymous_5)
FN:244,(anonymous_6)
FN:245,(anonymous_7)
FNF:7
FNH:0
FNDA:0,enrichModuleData
FNDA:0,(anonymous_2)
FNDA:0,(anonymous_3)
FNDA:0,enrichModules
FNDA:0,(anonymous_5)
FNDA:0,(anonymous_6)
FNDA:0,(anonymous_7)
DA:6,0
DA:7,0
DA:8,0
DA:10,0
DA:24,0
DA:28,0
DA:32,0
DA:39,0
DA:87,0
DA:88,0
DA:100,0
DA:103,0
DA:104,0
DA:105,0
DA:106,0
DA:130,0
DA:133,0
DA:141,0
DA:147,0
DA:156,0
DA:163,0
DA:170,0
DA:171,0
DA:173,0
DA:181,0
DA:200,0
DA:203,0
DA:208,0
DA:210,0
DA:211,0
DA:212,0
DA:213,0
DA:216,0
DA:218,0
DA:220,0
DA:226,0
DA:242,0
DA:244,0
DA:245,0
DA:248,0
LF:40
LH:0
BRDA:11,0,0,0
BRDA:11,0,1,0
BRDA:28,1,0,0
BRDA:28,1,1,0
BRDA:100,2,0,0
BRDA:100,2,1,0
BRDA:105,3,0,0
BRDA:105,3,1,0
BRDA:141,4,0,0
BRDA:141,4,1,0
BRDA:147,5,0,0
BRDA:147,5,1,0
BRDA:165,6,0,0
BRDA:165,6,1,0
BRDA:166,7,0,0
BRDA:166,7,1,0
BRDA:167,8,0,0
BRDA:167,8,1,0
BRDA:170,9,0,0
BRDA:170,9,1,0
BRDA:171,10,0,0
BRDA:171,10,1,0
BRDA:184,11,0,0
BRDA:184,11,1,0
BRDA:218,12,0,0
BRDA:218,12,1,0
BRDA:229,13,0,0
BRDA:229,13,1,0
BRF:28
BRH:0
end_of_record
TN:
SF:lib/observability/metrics.ts
FN:25,(anonymous_1)
FN:64,(anonymous_2)
FN:71,(anonymous_3)
FN:78,(anonymous_4)
FN:85,(anonymous_5)
FN:92,(anonymous_6)
FN:99,(anonymous_7)
FN:100,(anonymous_8)
FN:106,(anonymous_9)
FN:110,(anonymous_10)
FN:117,(anonymous_11)
FN:118,(anonymous_12)
FN:121,(anonymous_13)
FN:129,(anonymous_14)
FN:136,(anonymous_15)
FN:154,(anonymous_16)
FN:193,recordAIRequestDuration
FN:200,recordAITokenUsage
FN:211,recordAICost
FN:215,recordDatabaseQuery
FN:222,recordCacheHit
FN:226,recordCacheMiss
FN:230,recordCacheHitRate
FN:234,recordAPIRequest
FN:241,recordAPIError
FN:249,recordUploadSize
FN:253,recordModuleEnrichment
FNF:27
FNH:26
FNDA:1232,(anonymous_1)
FNDA:5,(anonymous_2)
FNDA:7,(anonymous_3)
FNDA:2,(anonymous_4)
FNDA:3,(anonymous_5)
FNDA:25,(anonymous_6)
FNDA:5,(anonymous_7)
FNDA:106,(anonymous_8)
FNDA:2,(anonymous_9)
FNDA:3,(anonymous_10)
FNDA:2,(anonymous_11)
FNDA:100,(anonymous_12)
FNDA:99,(anonymous_13)
FNDA:31,(anonymous_14)
FNDA:1,(anonymous_15)
FNDA:0,(anonymous_16)
FNDA:1,recordAIRequestDuration
FNDA:1,recordAITokenUsage
FNDA:1,recordAICost
FNDA:1,recordDatabaseQuery
FNDA:1,recordCacheHit
FNDA:1,recordCacheMiss
FNDA:1,recordCacheHitRate
FNDA:1,recordAPIRequest
FNDA:1,recordAPIError
FNDA:1,recordUploadSize
FNDA:1,recordModuleEnrichment
DA:8,1
DA:19,1
DA:20,1
DA:26,1232
DA:34,1232
DA:37,1232
DA:38,100
DA:42,1232
DA:43,1232
DA:56,1232
DA:57,0
DA:65,5
DA:72,7
DA:79,2
DA:86,3
DA:93,25
DA:100,106
DA:107,2
DA:108,2
DA:110,3
DA:111,1
DA:118,100
DA:119,2
DA:121,99
DA:122,1
DA:123,1
DA:130,31
DA:137,1
DA:155,0
DA:156,0
DA:157,0
DA:178,0
DA:179,0
DA:189,1
DA:193,1
DA:194,1
DA:200,1
DA:206,1
DA:207,1
DA:208,1
DA:211,1
DA:212,1
DA:215,1
DA:216,1
DA:222,1
DA:223,1
DA:226,1
DA:227,1
DA:230,1
DA:231,1
DA:234,1
DA:235,1
DA:241,1
DA:242,1
DA:249,1
DA:250,1
DA:253,1
DA:254,1
DA:261,1
LF:59
LH:53
BRDA:37,0,0,100
BRDA:37,0,1,1132
BRDA:42,1,0,1232
BRDA:42,1,1,0
BRDA:56,2,0,0
BRDA:56,2,1,1232
BRDA:108,3,0,1
BRDA:108,3,1,1
BRDA:119,4,0,1
BRDA:119,4,1,1
BRDA:155,5,0,0
BRDA:155,5,1,0
BRDA:178,6,0,0
BRDA:178,6,1,0
BRDA:218,7,0,1
BRDA:218,7,1,0
BRDA:222,8,0,0
BRDA:226,9,0,0
BRDA:230,10,0,0
BRF:19
BRH:9
end_of_record
TN:
SF:lib/scraper/analyzer.ts
FN:12,analyzeRackCapabilities
FN:21,(anonymous_1)
FN:47,analyzeRack
FN:82,(anonymous_3)
FN:132,generateRackSummary
FN:140,(anonymous_5)
FN:149,(anonymous_6)
FN:150,(anonymous_7)
FN:159,(anonymous_8)
FN:168,(anonymous_9)
FN:177,(anonymous_10)
FNF:11
FNH:11
FNDA:33,analyzeRackCapabilities
FNDA:219,(anonymous_1)
FNDA:20,analyzeRack
FNDA:195,(anonymous_3)
FNDA:7,generateRackSummary
FNDA:51,(anonymous_5)
FNDA:16,(anonymous_6)
FNDA:22,(anonymous_7)
FNDA:20,(anonymous_8)
FNDA:5,(anonymous_9)
FNDA:11,(anonymous_10)
DA:6,1
DA:7,1
DA:12,1
DA:13,33
DA:14,33
DA:15,33
DA:21,33
DA:22,219
DA:23,219
DA:25,219
DA:26,219
DA:27,219
DA:30,33
DA:47,1
DA:48,20
DA:49,20
DA:50,20
DA:51,20
DA:52,20
DA:55,20
DA:56,6
DA:57,6
DA:60,20
DA:61,14
DA:62,14
DA:64,6
DA:67,20
DA:68,15
DA:69,15
DA:72,20
DA:73,17
DA:74,17
DA:78,20
DA:79,5
DA:82,195
DA:83,5
DA:84,5
DA:87,20
DA:88,6
DA:89,6
DA:92,20
DA:93,3
DA:94,3
DA:97,20
DA:98,2
DA:101,20
DA:102,1
DA:103,1
DA:107,20
DA:108,2
DA:114,20
DA:115,20
DA:116,3
DA:121,20
DA:132,1
DA:133,7
DA:134,7
DA:136,7
DA:139,7
DA:141,51
DA:142,51
DA:147,7
DA:148,7
DA:149,16
DA:151,22
DA:154,7
DA:157,7
DA:158,5
DA:159,5
DA:160,20
DA:162,5
DA:166,7
DA:167,4
DA:168,4
DA:169,5
DA:171,4
DA:175,7
DA:176,5
DA:177,5
DA:178,11
DA:182,7
LF:81
LH:81
BRDA:25,0,0,217
BRDA:25,0,1,2
BRDA:26,1,0,217
BRDA:26,1,1,2
BRDA:27,2,0,1
BRDA:27,2,1,218
BRDA:55,3,0,6
BRDA:55,3,1,14
BRDA:60,4,0,14
BRDA:60,4,1,6
BRDA:67,5,0,15
BRDA:67,5,1,5
BRDA:72,6,0,17
BRDA:72,6,1,3
BRDA:78,7,0,5
BRDA:78,7,1,15
BRDA:78,8,0,20
BRDA:78,8,1,14
BRDA:78,8,2,6
BRDA:82,9,0,5
BRDA:82,9,1,15
BRDA:82,10,0,20
BRDA:82,10,1,14
BRDA:87,11,0,6
BRDA:87,11,1,14
BRDA:92,12,0,3
BRDA:92,12,1,17
BRDA:97,13,0,2
BRDA:97,13,1,18
BRDA:101,14,0,1
BRDA:101,14,1,19
BRDA:107,15,0,2
BRDA:107,15,1,18
BRDA:115,16,0,3
BRDA:115,16,1,17
BRDA:141,17,0,51
BRDA:141,17,1,22
BRDA:157,18,0,5
BRDA:157,18,1,2
BRDA:166,19,0,4
BRDA:166,19,1,3
BRDA:175,20,0,5
BRDA:175,20,1,2
BRF:43
BRH:43
end_of_record
TN:
SF:lib/scraper/mock-data.ts
FN:178,getMockRack
FNF:1
FNH:1
FNDA:5,getMockRack
DA:5,2
DA:7,2
DA:178,2
DA:179,5
LF:4
LH:4
BRF:0
BRH:0
end_of_record
TN:
SF:lib/scraper/modulargrid.ts
FN:40,detectModuleType
FN:55,scrapeModularGridRack
FN:84,(anonymous_3)
FN:87,(anonymous_4)
FN:132,(anonymous_5)
FN:178,(anonymous_6)
FN:207,(anonymous_7)
FN:214,(anonymous_8)
FN:223,(anonymous_9)
FN:224,(anonymous_10)
FN:279,getModuleDetails
FN:288,isValidModularGridUrl
FN:302,extractRackId
FNF:13
FNH:4
FNDA:0,detectModuleType
FNDA:9,scrapeModularGridRack
FNDA:0,(anonymous_3)
FNDA:0,(anonymous_4)
FNDA:0,(anonymous_5)
FNDA:0,(anonymous_6)
FNDA:0,(anonymous_7)
FNDA:0,(anonymous_8)
FNDA:0,(anonymous_9)
FNDA:0,(anonymous_10)
FNDA:1,getModuleDetails
FNDA:4,isValidModularGridUrl
FNDA:2,extractRackId
DA:6,1
DA:7,1
DA:8,1
DA:9,1
DA:12,1
DA:41,0
DA:43,0
DA:44,0
DA:45,0
DA:49,0
DA:55,1
DA:56,9
DA:58,9
DA:60,9
DA:61,1
DA:65,8
DA:70,0
DA:73,0
DA:75,0
DA:78,0
DA:84,0
DA:87,0
DA:89,0
DA:91,0
DA:92,0
DA:95,0
DA:97,0
DA:98,0
DA:99,0
DA:100,0
DA:102,0
DA:109,0
DA:110,0
DA:111,0
DA:112,0
DA:114,0
DA:129,0
DA:130,0
DA:132,0
DA:133,0
DA:134,0
DA:135,0
DA:137,0
DA:138,0
DA:146,0
DA:149,0
DA:178,0
DA:179,0
DA:202,0
DA:206,0
DA:207,0
DA:208,0
DA:212,0
DA:213,0
DA:215,0
DA:216,0
DA:217,0
DA:218,0
DA:223,0
DA:224,0
DA:225,0
DA:233,0
DA:243,0
DA:250,0
DA:252,9
DA:253,9
DA:255,9
DA:261,9
DA:263,9
DA:264,0
DA:279,1
DA:282,1
DA:288,1
DA:289,4
DA:290,4
DA:291,3
DA:295,1
DA:302,1
DA:303,2
DA:304,2
LF:80
LH:26
BRDA:41,0,0,0
BRDA:41,0,1,0
BRDA:44,1,0,0
BRDA:44,1,1,0
BRDA:60,2,0,1
BRDA:60,2,1,8
BRDA:92,3,0,0
BRDA:92,3,1,0
BRDA:95,4,0,0
BRDA:95,4,1,0
BRDA:95,5,0,0
BRDA:95,5,1,0
BRDA:98,6,0,0
BRDA:98,6,1,0
BRDA:103,7,0,0
BRDA:103,7,1,0
BRDA:110,8,0,0
BRDA:110,8,1,0
BRDA:115,9,0,0
BRDA:115,9,1,0
BRDA:137,10,0,0
BRDA:137,10,1,0
BRDA:137,11,0,0
BRDA:137,11,1,0
BRDA:141,12,0,0
BRDA:141,12,1,0
BRDA:150,13,0,0
BRDA:150,13,1,0
BRDA:178,14,0,0
BRDA:178,14,1,0
BRDA:180,15,0,0
BRDA:180,15,1,0
BRDA:181,16,0,0
BRDA:181,16,1,0
BRDA:181,16,2,0
BRDA:182,17,0,0
BRDA:182,17,1,0
BRDA:182,17,2,0
BRDA:183,18,0,0
BRDA:183,18,1,0
BRDA:184,19,0,0
BRDA:184,19,1,0
BRDA:184,19,2,0
BRDA:185,20,0,0
BRDA:185,20,1,0
BRDA:187,21,0,0
BRDA:187,21,1,0
BRDA:187,21,2,0
BRDA:188,22,0,0
BRDA:188,22,1,0
BRDA:188,22,2,0
BRDA:189,23,0,0
BRDA:189,23,1,0
BRDA:189,23,2,0
BRDA:199,24,0,0
BRDA:199,24,1,0
BRDA:199,25,0,0
BRDA:199,25,1,0
BRDA:199,26,0,0
BRDA:199,26,1,0
BRDA:206,27,0,0
BRDA:206,27,1,0
BRDA:208,28,0,0
BRDA:208,28,1,0
BRDA:215,29,0,0
BRDA:215,29,1,0
BRDA:216,30,0,0
BRDA:216,30,1,0
BRDA:252,31,0,9
BRDA:252,31,1,0
BRDA:253,32,0,9
BRDA:253,32,1,0
BRDA:263,33,0,0
BRDA:263,33,1,9
BRDA:292,34,0,3
BRDA:292,34,1,2
BRDA:304,35,0,1
BRDA:304,35,1,1
BRF:78
BRH:9
end_of_record
TN:
SF:lib/scraper/random-rack.ts
FN:42,getRandomRack
FN:95,scrapeRandomRack
FN:101,(anonymous_3)
FN:134,getFallbackRack
FN:169,selectWeightedRandom
FN:179,(anonymous_6)
FN:199,getCacheStatistics
FN:217,resetCacheStatistics
FN:226,seedCache
FN:246,(anonymous_10)
FNF:10
FNH:0
FNDA:0,getRandomRack
FNDA:0,scrapeRandomRack
FNDA:0,(anonymous_3)
FNDA:0,getFallbackRack
FNDA:0,selectWeightedRandom
FNDA:0,(anonymous_6)
FNDA:0,getCacheStatistics
FNDA:0,resetCacheStatistics
FNDA:0,seedCache
FNDA:0,(anonymous_10)
DA:6,0
DA:7,0
DA:8,0
DA:9,0
DA:10,0
DA:13,0
DA:32,0
DA:33,0
DA:36,0
DA:37,0
DA:42,0
DA:43,0
DA:44,0
DA:47,0
DA:49,0
DA:50,0
DA:53,0
DA:55,0
DA:57,0
DA:59,0
DA:61,0
DA:63,0
DA:71,0
DA:73,0
DA:78,0
DA:79,0
DA:81,0
DA:87,0
DA:88,0
DA:97,0
DA:98,0
DA:99,0
DA:100,0
DA:101,0
DA:105,0
DA:107,0
DA:109,0
DA:110,0
DA:113,0
DA:114,0
DA:117,0
DA:119,0
DA:128,0
DA:135,0
DA:137,0
DA:139,0
DA:140,0
DA:141,0
DA:142,0
DA:143,0
DA:144,0
DA:149,0
DA:150,0
DA:153,0
DA:154,0
DA:155,0
DA:157,0
DA:159,0
DA:162,0
DA:170,0
DA:171,0
DA:174,0
DA:175,0
DA:179,0
DA:182,0
DA:185,0
DA:186,0
DA:187,0
DA:188,0
DA:193,0
DA:199,0
DA:204,0
DA:205,0
DA:207,0
DA:217,0
DA:218,0
DA:219,0
DA:220,0
DA:226,0
DA:227,0
DA:229,0
DA:230,0
DA:232,0
DA:233,0
DA:235,0
DA:236,0
DA:237,0
DA:238,0
DA:239,0
DA:240,0
DA:241,0
DA:246,0
DA:249,0
DA:250,0
DA:251,0
DA:252,0
DA:253,0
DA:255,0
DA:256,0
DA:258,0
DA:259,0
DA:266,0
LF:102
LH:0
BRDA:49,0,0,0
BRDA:49,0,1,0
BRDA:55,1,0,0
BRDA:55,1,1,0
BRDA:82,2,0,0
BRDA:82,2,1,0
BRDA:83,3,0,0
BRDA:83,3,1,0
BRDA:98,4,0,0
BRDA:98,4,1,0
BRDA:140,5,0,0
BRDA:140,5,1,0
BRDA:142,6,0,0
BRDA:142,6,1,0
BRDA:160,7,0,0
BRDA:160,7,1,0
BRDA:170,8,0,0
BRDA:170,8,1,0
BRDA:174,9,0,0
BRDA:174,9,1,0
BRDA:187,10,0,0
BRDA:187,10,1,0
BRDA:205,11,0,0
BRDA:205,11,1,0
BRDA:236,12,0,0
BRDA:236,12,1,0
BRDA:238,13,0,0
BRDA:238,13,1,0
BRDA:261,14,0,0
BRDA:261,14,1,0
BRF:30
BRH:0
end_of_record
TN:
SF:lib/vision/rack-analyzer.ts
FN:39,analyzeRackImage
FN:156,isVisionConfigured
FN:163,getVisionModelInfo
FNF:3
FNH:0
FNDA:0,analyzeRackImage
FNDA:0,isVisionConfigured
FNDA:0,getVisionModelInfo
DA:6,0
DA:7,0
DA:9,0
DA:39,0
DA:45,0
DA:49,0
DA:93,0
DA:98,0
DA:124,0
DA:127,0
DA:130,0
DA:131,0
DA:132,0
DA:135,0
DA:136,0
DA:137,0
DA:141,0
DA:143,0
DA:150,0
DA:156,0
DA:157,0
DA:163,0
DA:164,0
LF:23
LH:0
BRDA:10,0,0,0
BRDA:10,0,1,0
BRDA:41,1,0,0
BRDA:45,2,0,0
BRDA:45,2,1,0
BRDA:95,3,0,0
BRDA:95,3,1,0
BRDA:124,4,0,0
BRDA:124,4,1,0
BRDA:131,5,0,0
BRDA:131,5,1,0
BRDA:136,6,0,0
BRDA:136,6,1,0
BRF:13
BRH:0
end_of_record
